2024-03-25T19:38:04.183351+00:00 ERROR 'ansible_navigator.actions.collections._parse' /usr/share/ansible/collections/ansible_collections/cloud/terraform/roles/git_plan/meta/main.yml Failed to find main.yml for role in cloud.terraform.
2024-03-25T19:38:04.183829+00:00 ERROR 'ansible_navigator.actions.collections._parse' /usr/share/ansible/collections/ansible_collections/cloud/terraform/roles/inventory_from_outputs/meta/main.yml Failed to find main.yml for role in cloud.terraform.
2024-03-25T19:38:04.183872+00:00 ERROR 'ansible_navigator.actions.collections._parse' /usr/share/ansible/collections/ansible_collections/redhat/insights/roles/compliance/meta/argument_specs.yml Failed to find argument_specs.yml for role in redhat.insights.
2024-03-25T19:38:04.183900+00:00 ERROR 'ansible_navigator.actions.collections._parse' /usr/share/ansible/collections/ansible_collections/redhat/insights/roles/insights_client/meta/argument_specs.yml Failed to find argument_specs.yml for role in redhat.insights.
2024-03-25T19:38:04.183925+00:00 ERROR 'ansible_navigator.actions.collections._parse' /usr/share/ansible/collections/ansible_collections/redhat/redhat_csp_download/roles/redhat_csp_download/meta/argument_specs.yml Failed to find argument_specs.yml for role in redhat.redhat_csp_download.
2024-03-25T19:38:04.183949+00:00 ERROR 'ansible_navigator.actions.collections._parse' /usr/share/ansible/collections/ansible_collections/redhat/redhat_csp_download/roles/redhat_csp_download/meta/main.yml Failed to find main.yml for role in redhat.redhat_csp_download.
2024-03-25T19:38:04.183971+00:00 ERROR 'ansible_navigator.actions.collections._parse' /usr/share/ansible/collections/ansible_collections/redhat/rhel_idm/roles/ipabackup/meta/argument_specs.yml Failed to find argument_specs.yml for role in redhat.rhel_idm.
2024-03-25T19:38:04.183993+00:00 ERROR 'ansible_navigator.actions.collections._parse' /usr/share/ansible/collections/ansible_collections/redhat/rhel_idm/roles/ipaclient/meta/argument_specs.yml Failed to find argument_specs.yml for role in redhat.rhel_idm.
2024-03-25T19:38:04.184015+00:00 ERROR 'ansible_navigator.actions.collections._parse' /usr/share/ansible/collections/ansible_collections/redhat/rhel_idm/roles/ipareplica/meta/argument_specs.yml Failed to find argument_specs.yml for role in redhat.rhel_idm.
2024-03-25T19:38:04.184037+00:00 ERROR 'ansible_navigator.actions.collections._parse' /usr/share/ansible/collections/ansible_collections/redhat/rhel_idm/roles/ipaserver/meta/argument_specs.yml Failed to find argument_specs.yml for role in redhat.rhel_idm.
2024-03-25T19:38:04.184059+00:00 ERROR 'ansible_navigator.actions.collections._parse' /usr/share/ansible/collections/ansible_collections/redhat/rhel_idm/roles/ipasmartcard_client/meta/argument_specs.yml Failed to find argument_specs.yml for role in redhat.rhel_idm.
2024-03-25T19:38:04.184081+00:00 ERROR 'ansible_navigator.actions.collections._parse' /usr/share/ansible/collections/ansible_collections/redhat/rhel_idm/roles/ipasmartcard_server/meta/argument_specs.yml Failed to find argument_specs.yml for role in redhat.rhel_idm.
2024-03-25T19:38:04.184102+00:00 ERROR 'ansible_navigator.actions.collections._parse' /usr/share/ansible/collections/ansible_collections/redhat/rhel_system_roles/roles/ad_integration/meta/argument_specs.yml Failed to find argument_specs.yml for role in redhat.rhel_system_roles.
2024-03-25T19:38:04.184124+00:00 ERROR 'ansible_navigator.actions.collections._parse' /usr/share/ansible/collections/ansible_collections/redhat/rhel_system_roles/roles/certificate/meta/argument_specs.yml Failed to find argument_specs.yml for role in redhat.rhel_system_roles.
2024-03-25T19:38:04.184146+00:00 ERROR 'ansible_navigator.actions.collections._parse' /usr/share/ansible/collections/ansible_collections/redhat/rhel_system_roles/roles/cockpit/meta/argument_specs.yml Failed to find argument_specs.yml for role in redhat.rhel_system_roles.
2024-03-25T19:38:04.184168+00:00 ERROR 'ansible_navigator.actions.collections._parse' /usr/share/ansible/collections/ansible_collections/redhat/rhel_system_roles/roles/crypto_policies/meta/argument_specs.yml Failed to find argument_specs.yml for role in redhat.rhel_system_roles.
2024-03-25T19:38:04.184194+00:00 ERROR 'ansible_navigator.actions.collections._parse' /usr/share/ansible/collections/ansible_collections/redhat/rhel_system_roles/roles/firewall/meta/argument_specs.yml Failed to find argument_specs.yml for role in redhat.rhel_system_roles.
2024-03-25T19:38:04.184217+00:00 ERROR 'ansible_navigator.actions.collections._parse' /usr/share/ansible/collections/ansible_collections/redhat/rhel_system_roles/roles/ha_cluster/meta/argument_specs.yml Failed to find argument_specs.yml for role in redhat.rhel_system_roles.
2024-03-25T19:38:04.184239+00:00 ERROR 'ansible_navigator.actions.collections._parse' /usr/share/ansible/collections/ansible_collections/redhat/rhel_system_roles/roles/journald/meta/argument_specs.yml Failed to find argument_specs.yml for role in redhat.rhel_system_roles.
2024-03-25T19:38:04.184261+00:00 ERROR 'ansible_navigator.actions.collections._parse' /usr/share/ansible/collections/ansible_collections/redhat/rhel_system_roles/roles/kdump/meta/argument_specs.yml Failed to find argument_specs.yml for role in redhat.rhel_system_roles.
2024-03-25T19:38:04.184283+00:00 ERROR 'ansible_navigator.actions.collections._parse' /usr/share/ansible/collections/ansible_collections/redhat/rhel_system_roles/roles/kernel_settings/meta/argument_specs.yml Failed to find argument_specs.yml for role in redhat.rhel_system_roles.
2024-03-25T19:38:04.184305+00:00 ERROR 'ansible_navigator.actions.collections._parse' /usr/share/ansible/collections/ansible_collections/redhat/rhel_system_roles/roles/logging/meta/argument_specs.yml Failed to find argument_specs.yml for role in redhat.rhel_system_roles.
2024-03-25T19:38:04.184327+00:00 ERROR 'ansible_navigator.actions.collections._parse' /usr/share/ansible/collections/ansible_collections/redhat/rhel_system_roles/roles/metrics/meta/argument_specs.yml Failed to find argument_specs.yml for role in redhat.rhel_system_roles.
2024-03-25T19:38:04.184348+00:00 ERROR 'ansible_navigator.actions.collections._parse' /usr/share/ansible/collections/ansible_collections/redhat/rhel_system_roles/roles/nbde_client/meta/argument_specs.yml Failed to find argument_specs.yml for role in redhat.rhel_system_roles.
2024-03-25T19:38:04.184370+00:00 ERROR 'ansible_navigator.actions.collections._parse' /usr/share/ansible/collections/ansible_collections/redhat/rhel_system_roles/roles/nbde_server/meta/argument_specs.yml Failed to find argument_specs.yml for role in redhat.rhel_system_roles.
2024-03-25T19:38:04.184391+00:00 ERROR 'ansible_navigator.actions.collections._parse' /usr/share/ansible/collections/ansible_collections/redhat/rhel_system_roles/roles/network/meta/argument_specs.yml Failed to find argument_specs.yml for role in redhat.rhel_system_roles.
2024-03-25T19:38:04.184413+00:00 ERROR 'ansible_navigator.actions.collections._parse' /usr/share/ansible/collections/ansible_collections/redhat/rhel_system_roles/roles/podman/meta/argument_specs.yml Failed to find argument_specs.yml for role in redhat.rhel_system_roles.
2024-03-25T19:38:04.184434+00:00 ERROR 'ansible_navigator.actions.collections._parse' /usr/share/ansible/collections/ansible_collections/redhat/rhel_system_roles/roles/postfix/meta/argument_specs.yml Failed to find argument_specs.yml for role in redhat.rhel_system_roles.
2024-03-25T19:38:04.184456+00:00 ERROR 'ansible_navigator.actions.collections._parse' /usr/share/ansible/collections/ansible_collections/redhat/rhel_system_roles/roles/private_logging_subrole_rsyslog/meta/argument_specs.yml Failed to find argument_specs.yml for role in redhat.rhel_system_roles.
2024-03-25T19:38:04.184477+00:00 ERROR 'ansible_navigator.actions.collections._parse' /usr/share/ansible/collections/ansible_collections/redhat/rhel_system_roles/roles/private_metrics_subrole_bpftrace/meta/argument_specs.yml Failed to find argument_specs.yml for role in redhat.rhel_system_roles.
2024-03-25T19:38:04.184499+00:00 ERROR 'ansible_navigator.actions.collections._parse' /usr/share/ansible/collections/ansible_collections/redhat/rhel_system_roles/roles/private_metrics_subrole_elasticsearch/meta/argument_specs.yml Failed to find argument_specs.yml for role in redhat.rhel_system_roles.
2024-03-25T19:38:04.184524+00:00 ERROR 'ansible_navigator.actions.collections._parse' /usr/share/ansible/collections/ansible_collections/redhat/rhel_system_roles/roles/private_metrics_subrole_grafana/meta/argument_specs.yml Failed to find argument_specs.yml for role in redhat.rhel_system_roles.
2024-03-25T19:38:04.184547+00:00 ERROR 'ansible_navigator.actions.collections._parse' /usr/share/ansible/collections/ansible_collections/redhat/rhel_system_roles/roles/private_metrics_subrole_mssql/meta/argument_specs.yml Failed to find argument_specs.yml for role in redhat.rhel_system_roles.
2024-03-25T19:38:04.184578+00:00 ERROR 'ansible_navigator.actions.collections._parse' /usr/share/ansible/collections/ansible_collections/redhat/rhel_system_roles/roles/private_metrics_subrole_pcp/meta/argument_specs.yml Failed to find argument_specs.yml for role in redhat.rhel_system_roles.
2024-03-25T19:38:04.184600+00:00 ERROR 'ansible_navigator.actions.collections._parse' /usr/share/ansible/collections/ansible_collections/redhat/rhel_system_roles/roles/private_metrics_subrole_postfix/meta/argument_specs.yml Failed to find argument_specs.yml for role in redhat.rhel_system_roles.
2024-03-25T19:38:04.184621+00:00 ERROR 'ansible_navigator.actions.collections._parse' /usr/share/ansible/collections/ansible_collections/redhat/rhel_system_roles/roles/private_metrics_subrole_redis/meta/argument_specs.yml Failed to find argument_specs.yml for role in redhat.rhel_system_roles.
2024-03-25T19:38:04.184643+00:00 ERROR 'ansible_navigator.actions.collections._parse' /usr/share/ansible/collections/ansible_collections/redhat/rhel_system_roles/roles/private_metrics_subrole_repository/meta/argument_specs.yml Failed to find argument_specs.yml for role in redhat.rhel_system_roles.
2024-03-25T19:38:04.184664+00:00 ERROR 'ansible_navigator.actions.collections._parse' /usr/share/ansible/collections/ansible_collections/redhat/rhel_system_roles/roles/private_metrics_subrole_spark/meta/argument_specs.yml Failed to find argument_specs.yml for role in redhat.rhel_system_roles.
2024-03-25T19:38:04.184686+00:00 ERROR 'ansible_navigator.actions.collections._parse' /usr/share/ansible/collections/ansible_collections/redhat/rhel_system_roles/roles/rhc/meta/argument_specs.yml Failed to find argument_specs.yml for role in redhat.rhel_system_roles.
2024-03-25T19:38:04.184708+00:00 ERROR 'ansible_navigator.actions.collections._parse' /usr/share/ansible/collections/ansible_collections/redhat/rhel_system_roles/roles/selinux/meta/argument_specs.yml Failed to find argument_specs.yml for role in redhat.rhel_system_roles.
2024-03-25T19:38:04.184730+00:00 ERROR 'ansible_navigator.actions.collections._parse' /usr/share/ansible/collections/ansible_collections/redhat/rhel_system_roles/roles/ssh/meta/argument_specs.yml Failed to find argument_specs.yml for role in redhat.rhel_system_roles.
2024-03-25T19:38:04.184751+00:00 ERROR 'ansible_navigator.actions.collections._parse' /usr/share/ansible/collections/ansible_collections/redhat/rhel_system_roles/roles/sshd/meta/argument_specs.yml Failed to find argument_specs.yml for role in redhat.rhel_system_roles.
2024-03-25T19:38:04.184772+00:00 ERROR 'ansible_navigator.actions.collections._parse' /usr/share/ansible/collections/ansible_collections/redhat/rhel_system_roles/roles/storage/meta/argument_specs.yml Failed to find argument_specs.yml for role in redhat.rhel_system_roles.
2024-03-25T19:38:04.184794+00:00 ERROR 'ansible_navigator.actions.collections._parse' /usr/share/ansible/collections/ansible_collections/redhat/rhel_system_roles/roles/timesync/meta/argument_specs.yml Failed to find argument_specs.yml for role in redhat.rhel_system_roles.
2024-03-25T19:38:04.184815+00:00 ERROR 'ansible_navigator.actions.collections._parse' /usr/share/ansible/collections/ansible_collections/redhat/rhel_system_roles/roles/tlog/meta/argument_specs.yml Failed to find argument_specs.yml for role in redhat.rhel_system_roles.
2024-03-25T19:38:04.184839+00:00 ERROR 'ansible_navigator.actions.collections._parse' /usr/share/ansible/collections/ansible_collections/redhat/rhel_system_roles/roles/vpn/meta/argument_specs.yml Failed to find argument_specs.yml for role in redhat.rhel_system_roles.
2024-03-25T19:38:04.184861+00:00 ERROR 'ansible_navigator.actions.collections._parse' /usr/share/ansible/collections/ansible_collections/redhat/rhv/roles/cluster_upgrade/meta/argument_specs.yml Failed to find argument_specs.yml for role in redhat.rhv.
2024-03-25T19:38:04.184883+00:00 ERROR 'ansible_navigator.actions.collections._parse' /usr/share/ansible/collections/ansible_collections/redhat/rhv/roles/cluster_upgrade/meta/main.yml Failed to find main.yml for role in redhat.rhv.
2024-03-25T19:38:04.184904+00:00 ERROR 'ansible_navigator.actions.collections._parse' /usr/share/ansible/collections/ansible_collections/redhat/rhv/roles/disaster_recovery/meta/argument_specs.yml Failed to find argument_specs.yml for role in redhat.rhv.
2024-03-25T19:38:04.184926+00:00 ERROR 'ansible_navigator.actions.collections._parse' /usr/share/ansible/collections/ansible_collections/redhat/rhv/roles/disaster_recovery/meta/main.yml Failed to find main.yml for role in redhat.rhv.
2024-03-25T19:38:04.184947+00:00 ERROR 'ansible_navigator.actions.collections._parse' /usr/share/ansible/collections/ansible_collections/redhat/rhv/roles/engine_setup/meta/argument_specs.yml Failed to find argument_specs.yml for role in redhat.rhv.
2024-03-25T19:38:04.184968+00:00 ERROR 'ansible_navigator.actions.collections._parse' /usr/share/ansible/collections/ansible_collections/redhat/rhv/roles/engine_setup/meta/main.yml Failed to find main.yml for role in redhat.rhv.
2024-03-25T19:38:04.184989+00:00 ERROR 'ansible_navigator.actions.collections._parse' /usr/share/ansible/collections/ansible_collections/redhat/rhv/roles/hosted_engine_setup/meta/argument_specs.yml Failed to find argument_specs.yml for role in redhat.rhv.
2024-03-25T19:38:04.185010+00:00 ERROR 'ansible_navigator.actions.collections._parse' /usr/share/ansible/collections/ansible_collections/redhat/rhv/roles/hosted_engine_setup/meta/main.yml Failed to find main.yml for role in redhat.rhv.
2024-03-25T19:38:04.185031+00:00 ERROR 'ansible_navigator.actions.collections._parse' /usr/share/ansible/collections/ansible_collections/redhat/rhv/roles/image_template/meta/argument_specs.yml Failed to find argument_specs.yml for role in redhat.rhv.
2024-03-25T19:38:04.185053+00:00 ERROR 'ansible_navigator.actions.collections._parse' /usr/share/ansible/collections/ansible_collections/redhat/rhv/roles/image_template/meta/main.yml Failed to find main.yml for role in redhat.rhv.
2024-03-25T19:38:04.185075+00:00 ERROR 'ansible_navigator.actions.collections._parse' /usr/share/ansible/collections/ansible_collections/redhat/rhv/roles/infra/meta/argument_specs.yml Failed to find argument_specs.yml for role in redhat.rhv.
2024-03-25T19:38:04.185097+00:00 ERROR 'ansible_navigator.actions.collections._parse' /usr/share/ansible/collections/ansible_collections/redhat/rhv/roles/infra/meta/main.yml Failed to find main.yml for role in redhat.rhv.
2024-03-25T19:38:04.185118+00:00 ERROR 'ansible_navigator.actions.collections._parse' /usr/share/ansible/collections/ansible_collections/redhat/rhv/roles/remove_stale_lun/meta/argument_specs.yml Failed to find argument_specs.yml for role in redhat.rhv.
2024-03-25T19:38:04.185139+00:00 ERROR 'ansible_navigator.actions.collections._parse' /usr/share/ansible/collections/ansible_collections/redhat/rhv/roles/remove_stale_lun/meta/main.yml Failed to find main.yml for role in redhat.rhv.
2024-03-25T19:38:04.185160+00:00 ERROR 'ansible_navigator.actions.collections._parse' /usr/share/ansible/collections/ansible_collections/redhat/rhv/roles/repositories/meta/argument_specs.yml Failed to find argument_specs.yml for role in redhat.rhv.
2024-03-25T19:38:04.185182+00:00 ERROR 'ansible_navigator.actions.collections._parse' /usr/share/ansible/collections/ansible_collections/redhat/rhv/roles/repositories/meta/main.yml Failed to find main.yml for role in redhat.rhv.
2024-03-25T19:38:04.185205+00:00 ERROR 'ansible_navigator.actions.collections._parse' /usr/share/ansible/collections/ansible_collections/redhat/rhv/roles/shutdown_env/meta/argument_specs.yml Failed to find argument_specs.yml for role in redhat.rhv.
2024-03-25T19:38:04.185227+00:00 ERROR 'ansible_navigator.actions.collections._parse' /usr/share/ansible/collections/ansible_collections/redhat/rhv/roles/shutdown_env/meta/main.yml Failed to find main.yml for role in redhat.rhv.
2024-03-25T19:38:04.185248+00:00 ERROR 'ansible_navigator.actions.collections._parse' /usr/share/ansible/collections/ansible_collections/redhat/rhv/roles/vm_infra/meta/argument_specs.yml Failed to find argument_specs.yml for role in redhat.rhv.
2024-03-25T19:38:04.185269+00:00 ERROR 'ansible_navigator.actions.collections._parse' /usr/share/ansible/collections/ansible_collections/redhat/rhv/roles/vm_infra/meta/main.yml Failed to find main.yml for role in redhat.rhv.
2024-03-25T19:38:04.185290+00:00 ERROR 'ansible_navigator.actions.collections._parse' /usr/share/ansible/collections/ansible_collections/redhat/sap_install/roles/sap_general_preconfigure/meta/argument_specs.yml Failed to find argument_specs.yml for role in redhat.sap_install.
2024-03-25T19:38:04.185312+00:00 ERROR 'ansible_navigator.actions.collections._parse' /usr/share/ansible/collections/ansible_collections/redhat/sap_install/roles/sap_ha_install_hana_hsr/meta/argument_specs.yml Failed to find argument_specs.yml for role in redhat.sap_install.
2024-03-25T19:38:04.185333+00:00 ERROR 'ansible_navigator.actions.collections._parse' /usr/share/ansible/collections/ansible_collections/redhat/sap_install/roles/sap_hana_preconfigure/meta/argument_specs.yml Failed to find argument_specs.yml for role in redhat.sap_install.
2024-03-25T19:38:04.185354+00:00 ERROR 'ansible_navigator.actions.collections._parse' /usr/share/ansible/collections/ansible_collections/redhat/sap_install/roles/sap_netweaver_preconfigure/meta/argument_specs.yml Failed to find argument_specs.yml for role in redhat.sap_install.
2024-03-25T19:38:04.185375+00:00 ERROR 'ansible_navigator.actions.collections._parse' /usr/share/ansible/collections/ansible_collections/redhat/sap_install/roles/sap_swpm/meta/argument_specs.yml Failed to find argument_specs.yml for role in redhat.sap_install.
2024-03-25T19:38:04.185396+00:00 ERROR 'ansible_navigator.actions.collections._parse' /usr/share/ansible/collections/ansible_collections/redhat/satellite/roles/activation_keys/meta/argument_specs.yml Failed to find argument_specs.yml for role in redhat.satellite.
2024-03-25T19:38:04.185417+00:00 ERROR 'ansible_navigator.actions.collections._parse' /usr/share/ansible/collections/ansible_collections/redhat/satellite/roles/activation_keys/meta/main.yml Failed to find main.yml for role in redhat.satellite.
2024-03-25T19:38:04.185438+00:00 ERROR 'ansible_navigator.actions.collections._parse' /usr/share/ansible/collections/ansible_collections/redhat/satellite/roles/auth_sources_ldap/meta/argument_specs.yml Failed to find argument_specs.yml for role in redhat.satellite.
2024-03-25T19:38:04.185460+00:00 ERROR 'ansible_navigator.actions.collections._parse' /usr/share/ansible/collections/ansible_collections/redhat/satellite/roles/auth_sources_ldap/meta/main.yml Failed to find main.yml for role in redhat.satellite.
2024-03-25T19:38:04.185481+00:00 ERROR 'ansible_navigator.actions.collections._parse' /usr/share/ansible/collections/ansible_collections/redhat/satellite/roles/compute_profiles/meta/argument_specs.yml Failed to find argument_specs.yml for role in redhat.satellite.
2024-03-25T19:38:04.185503+00:00 ERROR 'ansible_navigator.actions.collections._parse' /usr/share/ansible/collections/ansible_collections/redhat/satellite/roles/compute_profiles/meta/main.yml Failed to find main.yml for role in redhat.satellite.
2024-03-25T19:38:04.185524+00:00 ERROR 'ansible_navigator.actions.collections._parse' /usr/share/ansible/collections/ansible_collections/redhat/satellite/roles/compute_resources/meta/argument_specs.yml Failed to find argument_specs.yml for role in redhat.satellite.
2024-03-25T19:38:04.185548+00:00 ERROR 'ansible_navigator.actions.collections._parse' /usr/share/ansible/collections/ansible_collections/redhat/satellite/roles/compute_resources/meta/main.yml Failed to find main.yml for role in redhat.satellite.
2024-03-25T19:38:04.185576+00:00 ERROR 'ansible_navigator.actions.collections._parse' /usr/share/ansible/collections/ansible_collections/redhat/satellite/roles/content_credentials/meta/argument_specs.yml Failed to find argument_specs.yml for role in redhat.satellite.
2024-03-25T19:38:04.185598+00:00 ERROR 'ansible_navigator.actions.collections._parse' /usr/share/ansible/collections/ansible_collections/redhat/satellite/roles/content_credentials/meta/main.yml Failed to find main.yml for role in redhat.satellite.
2024-03-25T19:38:04.185620+00:00 ERROR 'ansible_navigator.actions.collections._parse' /usr/share/ansible/collections/ansible_collections/redhat/satellite/roles/content_rhel/meta/argument_specs.yml Failed to find argument_specs.yml for role in redhat.satellite.
2024-03-25T19:38:04.185641+00:00 ERROR 'ansible_navigator.actions.collections._parse' /usr/share/ansible/collections/ansible_collections/redhat/satellite/roles/content_rhel/meta/main.yml Failed to find main.yml for role in redhat.satellite.
2024-03-25T19:38:04.185663+00:00 ERROR 'ansible_navigator.actions.collections._parse' /usr/share/ansible/collections/ansible_collections/redhat/satellite/roles/content_view_publish/meta/argument_specs.yml Failed to find argument_specs.yml for role in redhat.satellite.
2024-03-25T19:38:04.185684+00:00 ERROR 'ansible_navigator.actions.collections._parse' /usr/share/ansible/collections/ansible_collections/redhat/satellite/roles/content_view_publish/meta/main.yml Failed to find main.yml for role in redhat.satellite.
2024-03-25T19:38:04.185706+00:00 ERROR 'ansible_navigator.actions.collections._parse' /usr/share/ansible/collections/ansible_collections/redhat/satellite/roles/content_view_version_cleanup/meta/argument_specs.yml Failed to find argument_specs.yml for role in redhat.satellite.
2024-03-25T19:38:04.185727+00:00 ERROR 'ansible_navigator.actions.collections._parse' /usr/share/ansible/collections/ansible_collections/redhat/satellite/roles/content_view_version_cleanup/meta/main.yml Failed to find main.yml for role in redhat.satellite.
2024-03-25T19:38:04.185749+00:00 ERROR 'ansible_navigator.actions.collections._parse' /usr/share/ansible/collections/ansible_collections/redhat/satellite/roles/content_views/meta/argument_specs.yml Failed to find argument_specs.yml for role in redhat.satellite.
2024-03-25T19:38:04.185770+00:00 ERROR 'ansible_navigator.actions.collections._parse' /usr/share/ansible/collections/ansible_collections/redhat/satellite/roles/content_views/meta/main.yml Failed to find main.yml for role in redhat.satellite.
2024-03-25T19:38:04.185791+00:00 ERROR 'ansible_navigator.actions.collections._parse' /usr/share/ansible/collections/ansible_collections/redhat/satellite/roles/convert2rhel/meta/argument_specs.yml Failed to find argument_specs.yml for role in redhat.satellite.
2024-03-25T19:38:04.185812+00:00 ERROR 'ansible_navigator.actions.collections._parse' /usr/share/ansible/collections/ansible_collections/redhat/satellite/roles/convert2rhel/meta/main.yml Failed to find main.yml for role in redhat.satellite.
2024-03-25T19:38:04.185833+00:00 ERROR 'ansible_navigator.actions.collections._parse' /usr/share/ansible/collections/ansible_collections/redhat/satellite/roles/domains/meta/argument_specs.yml Failed to find argument_specs.yml for role in redhat.satellite.
2024-03-25T19:38:04.185855+00:00 ERROR 'ansible_navigator.actions.collections._parse' /usr/share/ansible/collections/ansible_collections/redhat/satellite/roles/domains/meta/main.yml Failed to find main.yml for role in redhat.satellite.
2024-03-25T19:38:04.185876+00:00 ERROR 'ansible_navigator.actions.collections._parse' /usr/share/ansible/collections/ansible_collections/redhat/satellite/roles/hostgroups/meta/argument_specs.yml Failed to find argument_specs.yml for role in redhat.satellite.
2024-03-25T19:38:04.185900+00:00 ERROR 'ansible_navigator.actions.collections._parse' /usr/share/ansible/collections/ansible_collections/redhat/satellite/roles/hostgroups/meta/main.yml Failed to find main.yml for role in redhat.satellite.
2024-03-25T19:38:04.185922+00:00 ERROR 'ansible_navigator.actions.collections._parse' /usr/share/ansible/collections/ansible_collections/redhat/satellite/roles/lifecycle_environments/meta/argument_specs.yml Failed to find argument_specs.yml for role in redhat.satellite.
2024-03-25T19:38:04.185943+00:00 ERROR 'ansible_navigator.actions.collections._parse' /usr/share/ansible/collections/ansible_collections/redhat/satellite/roles/lifecycle_environments/meta/main.yml Failed to find main.yml for role in redhat.satellite.
2024-03-25T19:38:04.185965+00:00 ERROR 'ansible_navigator.actions.collections._parse' /usr/share/ansible/collections/ansible_collections/redhat/satellite/roles/manifest/meta/argument_specs.yml Failed to find argument_specs.yml for role in redhat.satellite.
2024-03-25T19:38:04.185986+00:00 ERROR 'ansible_navigator.actions.collections._parse' /usr/share/ansible/collections/ansible_collections/redhat/satellite/roles/manifest/meta/main.yml Failed to find main.yml for role in redhat.satellite.
2024-03-25T19:38:04.186007+00:00 ERROR 'ansible_navigator.actions.collections._parse' /usr/share/ansible/collections/ansible_collections/redhat/satellite/roles/operatingsystems/meta/argument_specs.yml Failed to find argument_specs.yml for role in redhat.satellite.
2024-03-25T19:38:04.186028+00:00 ERROR 'ansible_navigator.actions.collections._parse' /usr/share/ansible/collections/ansible_collections/redhat/satellite/roles/operatingsystems/meta/main.yml Failed to find main.yml for role in redhat.satellite.
2024-03-25T19:38:04.186049+00:00 ERROR 'ansible_navigator.actions.collections._parse' /usr/share/ansible/collections/ansible_collections/redhat/satellite/roles/organizations/meta/argument_specs.yml Failed to find argument_specs.yml for role in redhat.satellite.
2024-03-25T19:38:04.186069+00:00 ERROR 'ansible_navigator.actions.collections._parse' /usr/share/ansible/collections/ansible_collections/redhat/satellite/roles/organizations/meta/main.yml Failed to find main.yml for role in redhat.satellite.
2024-03-25T19:38:04.186090+00:00 ERROR 'ansible_navigator.actions.collections._parse' /usr/share/ansible/collections/ansible_collections/redhat/satellite/roles/provisioning_templates/meta/argument_specs.yml Failed to find argument_specs.yml for role in redhat.satellite.
2024-03-25T19:38:04.186111+00:00 ERROR 'ansible_navigator.actions.collections._parse' /usr/share/ansible/collections/ansible_collections/redhat/satellite/roles/provisioning_templates/meta/main.yml Failed to find main.yml for role in redhat.satellite.
2024-03-25T19:38:04.186132+00:00 ERROR 'ansible_navigator.actions.collections._parse' /usr/share/ansible/collections/ansible_collections/redhat/satellite/roles/repositories/meta/argument_specs.yml Failed to find argument_specs.yml for role in redhat.satellite.
2024-03-25T19:38:04.186153+00:00 ERROR 'ansible_navigator.actions.collections._parse' /usr/share/ansible/collections/ansible_collections/redhat/satellite/roles/repositories/meta/main.yml Failed to find main.yml for role in redhat.satellite.
2024-03-25T19:38:04.186174+00:00 ERROR 'ansible_navigator.actions.collections._parse' /usr/share/ansible/collections/ansible_collections/redhat/satellite/roles/settings/meta/argument_specs.yml Failed to find argument_specs.yml for role in redhat.satellite.
2024-03-25T19:38:04.186195+00:00 ERROR 'ansible_navigator.actions.collections._parse' /usr/share/ansible/collections/ansible_collections/redhat/satellite/roles/settings/meta/main.yml Failed to find main.yml for role in redhat.satellite.
2024-03-25T19:38:04.186215+00:00 ERROR 'ansible_navigator.actions.collections._parse' /usr/share/ansible/collections/ansible_collections/redhat/satellite/roles/subnets/meta/argument_specs.yml Failed to find argument_specs.yml for role in redhat.satellite.
2024-03-25T19:38:04.186239+00:00 ERROR 'ansible_navigator.actions.collections._parse' /usr/share/ansible/collections/ansible_collections/redhat/satellite/roles/subnets/meta/main.yml Failed to find main.yml for role in redhat.satellite.
2024-03-25T19:38:04.186261+00:00 ERROR 'ansible_navigator.actions.collections._parse' /usr/share/ansible/collections/ansible_collections/redhat/satellite/roles/sync_plans/meta/argument_specs.yml Failed to find argument_specs.yml for role in redhat.satellite.
2024-03-25T19:38:04.186282+00:00 ERROR 'ansible_navigator.actions.collections._parse' /usr/share/ansible/collections/ansible_collections/redhat/satellite/roles/sync_plans/meta/main.yml Failed to find main.yml for role in redhat.satellite.
2024-03-25T19:38:04.186303+00:00 ERROR 'ansible_navigator.actions.collections._parse' /usr/share/ansible/collections/ansible_collections/redhat/satellite_operations/roles/backup/meta/argument_specs.yml Failed to find argument_specs.yml for role in redhat.satellite_operations.
2024-03-25T19:38:04.186324+00:00 ERROR 'ansible_navigator.actions.collections._parse' /usr/share/ansible/collections/ansible_collections/redhat/satellite_operations/roles/backup/meta/main.yml Failed to find main.yml for role in redhat.satellite_operations.
2024-03-25T19:38:04.186345+00:00 ERROR 'ansible_navigator.actions.collections._parse' /usr/share/ansible/collections/ansible_collections/redhat/satellite_operations/roles/capsule_certs_generate/meta/argument_specs.yml Failed to find argument_specs.yml for role in redhat.satellite_operations.
2024-03-25T19:38:04.186366+00:00 ERROR 'ansible_navigator.actions.collections._parse' /usr/share/ansible/collections/ansible_collections/redhat/satellite_operations/roles/capsule_certs_generate/meta/main.yml Failed to find main.yml for role in redhat.satellite_operations.
2024-03-25T19:38:04.186387+00:00 ERROR 'ansible_navigator.actions.collections._parse' /usr/share/ansible/collections/ansible_collections/redhat/satellite_operations/roles/cloud_connector/meta/argument_specs.yml Failed to find argument_specs.yml for role in redhat.satellite_operations.
2024-03-25T19:38:04.186408+00:00 ERROR 'ansible_navigator.actions.collections._parse' /usr/share/ansible/collections/ansible_collections/redhat/satellite_operations/roles/cloud_connector/meta/main.yml Failed to find main.yml for role in redhat.satellite_operations.
2024-03-25T19:38:04.186428+00:00 ERROR 'ansible_navigator.actions.collections._parse' /usr/share/ansible/collections/ansible_collections/redhat/satellite_operations/roles/installer/meta/argument_specs.yml Failed to find argument_specs.yml for role in redhat.satellite_operations.
2024-03-25T19:38:04.186450+00:00 ERROR 'ansible_navigator.actions.collections._parse' /usr/share/ansible/collections/ansible_collections/redhat/satellite_operations/roles/installer/meta/main.yml Failed to find main.yml for role in redhat.satellite_operations.
2024-03-25T19:39:52.960714+00:00 WARNING 'ansible_navigator.run' Dirty exit, killing the pid
2024-03-25T19:40:18.193442+00:00 WARNING 'ansible_navigator.run' Dirty exit, killing the pid
2024-03-25T19:41:34.208354+00:00 WARNING 'ansible_navigator.run' Dirty exit, killing the pid
2024-03-25T19:41:45.856918+00:00 CRITICAL 'ansible_navigator.actions.run_3af0._handle_message' Unhandled message from runner queue, discarded: {'event': 'verbose', 'uuid': 'c7971be4-db91-449c-84e5-3979e8c5659f', 'counter': 1, 'stdout': '\x1b[1;35m[WARNING]: provided hosts list is empty, only localhost is available. Note that\x1b[0m', 'start_line': 0, 'end_line': 1, 'runner_ident': 'c32017b7-ee81-4361-98a4-a285d34a14be', 'created': '2024-03-25T19:41:45.856669'}
2024-03-25T19:41:45.960208+00:00 CRITICAL 'ansible_navigator.actions.run_3af0._handle_message' Unhandled message from runner queue, discarded: {'event': 'verbose', 'uuid': '83623f1d-6db7-43d2-92cf-ccd3edab156c', 'counter': 2, 'stdout': "\x1b[1;35mthe implicit localhost does not match 'all'\x1b[0m", 'start_line': 1, 'end_line': 2, 'runner_ident': 'c32017b7-ee81-4361-98a4-a285d34a14be', 'created': '2024-03-25T19:41:45.858015'}
2024-03-25T19:45:11.150749+00:00 WARNING 'ansible_navigator.run' Dirty exit, killing the pid
2024-03-25T19:45:28.766810+00:00 WARNING 'ansible_navigator.run' Dirty exit, killing the pid
2024-03-25T19:45:33.293070+00:00 CRITICAL 'ansible_navigator.actions.run_playbook._handle_message' Unhandled message from runner queue, discarded: {'event': 'verbose', 'uuid': '89901cbf-f315-4851-b0b5-2b4efc04fac1', 'counter': 1, 'stdout': '\x1b[0;34mUsing /etc/ansible/ansible.cfg as config file\x1b[0m', 'start_line': 0, 'end_line': 1, 'runner_ident': 'c0316db2-6874-4984-8140-3b91fa7d6d3c', 'created': '2024-03-25T19:45:33.285712'}
2024-03-25T19:47:41.037560+00:00 WARNING 'ansible_navigator.run' Dirty exit, killing the pid
2024-03-25T20:13:01.330324+00:00 INFO 'ansible_navigator.setup_logger' New ansible-navigator instance, logging initialized
2024-03-25T20:13:01.330694+00:00 INFO 'ansible_navigator.setup_logger' New ansible-runner instance, logging initialized
2024-03-25T20:13:01.330736+00:00 DEBUG 'ansible_navigator.main' Jinja2==3.1.3 
2024-03-25T20:13:01.330765+00:00 DEBUG 'ansible_navigator.main' MarkupSafe==2.1.0 
2024-03-25T20:13:01.330790+00:00 DEBUG 'ansible_navigator.main' PySocks==1.7.1 
2024-03-25T20:13:01.330813+00:00 DEBUG 'ansible_navigator.main' PyYAML==5.4.1 
2024-03-25T20:13:01.330835+00:00 DEBUG 'ansible_navigator.main' ansible-builder==3.0.1 
2024-03-25T20:13:01.330857+00:00 DEBUG 'ansible_navigator.main' ansible-core==2.15.9 
2024-03-25T20:13:01.330879+00:00 DEBUG 'ansible_navigator.main' ansible-creator==0.0.1a4 
2024-03-25T20:13:01.330900+00:00 DEBUG 'ansible_navigator.main' ansible-lint==6.14.3 
2024-03-25T20:13:01.330922+00:00 DEBUG 'ansible_navigator.main' ansible-navigator==3.4.1 
2024-03-25T20:13:01.330943+00:00 DEBUG 'ansible_navigator.main' ansible-runner==2.3.5 
2024-03-25T20:13:01.330967+00:00 DEBUG 'ansible_navigator.main' argcomplete==1.12.0 /usr/lib/python3.9/site-packages/argcomplete/__init__.py
2024-03-25T20:13:01.330990+00:00 DEBUG 'ansible_navigator.main' attrs==21.4.0 /usr/lib/python3.9/site-packages/attrs/__init__.py
2024-03-25T20:13:01.331013+00:00 DEBUG 'ansible_navigator.main' awxkit==4.5.2 /usr/lib/python3.9/site-packages/awxkit/__init__.py
2024-03-25T20:13:01.331034+00:00 DEBUG 'ansible_navigator.main' bindep==2.10.2 /usr/lib/python3.9/site-packages/bindep/__init__.py
2024-03-25T20:13:01.331056+00:00 DEBUG 'ansible_navigator.main' black==22.8.0 /usr/lib/python3.9/site-packages/black/__init__.py
2024-03-25T20:13:01.331077+00:00 DEBUG 'ansible_navigator.main' bracex==2.2.1 /usr/lib/python3.9/site-packages/bracex/__init__.py
2024-03-25T20:13:01.331099+00:00 DEBUG 'ansible_navigator.main' certifi==2022.12.7 /usr/lib/python3.9/site-packages/certifi/__init__.py
2024-03-25T20:13:01.331120+00:00 DEBUG 'ansible_navigator.main' cffi==1.15.0 /usr/lib64/python3.9/site-packages/cffi/__init__.py
2024-03-25T20:13:01.331141+00:00 DEBUG 'ansible_navigator.main' chardet==4.0.0 /usr/lib/python3.9/site-packages/chardet/__init__.py
2024-03-25T20:13:01.331162+00:00 DEBUG 'ansible_navigator.main' charset-normalizer==2.0.11 
2024-03-25T20:13:01.331183+00:00 DEBUG 'ansible_navigator.main' click==8.1.3 /usr/lib/python3.9/site-packages/click/__init__.py
2024-03-25T20:13:01.331204+00:00 DEBUG 'ansible_navigator.main' cockpit==300.4 /usr/lib/python3.9/site-packages/cockpit/__init__.py
2024-03-25T20:13:01.331225+00:00 DEBUG 'ansible_navigator.main' commonmark==0.9.1 /usr/lib/python3.9/site-packages/commonmark/__init__.py
2024-03-25T20:13:01.331247+00:00 DEBUG 'ansible_navigator.main' cryptography==38.0.4 /usr/lib64/python3.9/site-packages/cryptography/__init__.py
2024-03-25T20:13:01.331268+00:00 DEBUG 'ansible_navigator.main' dasbus==1.4 /usr/lib/python3.9/site-packages/dasbus/__init__.py
2024-03-25T20:13:01.331289+00:00 DEBUG 'ansible_navigator.main' dbus-python==1.2.18 
2024-03-25T20:13:01.331311+00:00 DEBUG 'ansible_navigator.main' decorator==4.4.2 /usr/lib/python3.9/site-packages/decorator.py
2024-03-25T20:13:01.331332+00:00 DEBUG 'ansible_navigator.main' distro==1.6.0 /usr/lib/python3.9/site-packages/distro.py
2024-03-25T20:13:01.331360+00:00 DEBUG 'ansible_navigator.main' docutils==0.16 /usr/lib/python3.9/site-packages/docutils/__init__.py
2024-03-25T20:13:01.331384+00:00 DEBUG 'ansible_navigator.main' ethtool==0.15 /usr/lib64/python3.9/site-packages/ethtool.cpython-39-x86_64-linux-gnu.so
2024-03-25T20:13:01.331406+00:00 DEBUG 'ansible_navigator.main' file-magic==0.4.0 
2024-03-25T20:13:01.331427+00:00 DEBUG 'ansible_navigator.main' filelock==3.8.0 /usr/lib/python3.9/site-packages/filelock/__init__.py
2024-03-25T20:13:01.331448+00:00 DEBUG 'ansible_navigator.main' future==0.18.3 /usr/lib/python3.9/site-packages/future/__init__.py
2024-03-25T20:13:01.331469+00:00 DEBUG 'ansible_navigator.main' idna==3.3 /usr/lib/python3.9/site-packages/idna/__init__.py
2024-03-25T20:13:01.331490+00:00 DEBUG 'ansible_navigator.main' importlib-metadata==6.0.1 
2024-03-25T20:13:01.331511+00:00 DEBUG 'ansible_navigator.main' importlib-resources==5.0.7 
2024-03-25T20:13:01.331532+00:00 DEBUG 'ansible_navigator.main' iniparse==0.4 /usr/lib/python3.9/site-packages/iniparse/__init__.py
2024-03-25T20:13:01.331558+00:00 DEBUG 'ansible_navigator.main' jsonschema==4.16.0 /usr/lib/python3.9/site-packages/jsonschema/__init__.py
2024-03-25T20:13:01.331582+00:00 DEBUG 'ansible_navigator.main' libvirt-python==9.3.0 
2024-03-25T20:13:01.331603+00:00 DEBUG 'ansible_navigator.main' lockfile==0.12.2 /usr/lib/python3.9/site-packages/lockfile/__init__.py
2024-03-25T20:13:01.331625+00:00 DEBUG 'ansible_navigator.main' lxml==4.6.5 /usr/lib64/python3.9/site-packages/lxml/__init__.py
2024-03-25T20:13:01.331645+00:00 DEBUG 'ansible_navigator.main' mypy-extensions==0.4.3 
2024-03-25T20:13:01.331666+00:00 DEBUG 'ansible_navigator.main' onigurumacffi==1.1.0 /usr/lib64/python3.9/site-packages/onigurumacffi.py
2024-03-25T20:13:01.331687+00:00 DEBUG 'ansible_navigator.main' packaging==21.3 /usr/lib/python3.9/site-packages/packaging/__init__.py
2024-03-25T20:13:01.331708+00:00 DEBUG 'ansible_navigator.main' pbr==5.8.1 /usr/lib/python3.9/site-packages/pbr/__init__.py
2024-03-25T20:13:01.331729+00:00 DEBUG 'ansible_navigator.main' perf==0.1 /usr/lib64/python3.9/site-packages/perf.cpython-39-x86_64-linux-gnu.so
2024-03-25T20:13:01.331750+00:00 DEBUG 'ansible_navigator.main' pip==21.2.3 /usr/lib/python3.9/site-packages/pip/__init__.py
2024-03-25T20:13:01.331771+00:00 DEBUG 'ansible_navigator.main' platformdirs==2.4.1 /usr/lib/python3.9/site-packages/platformdirs/__init__.py
2024-03-25T20:13:01.331792+00:00 DEBUG 'ansible_navigator.main' ply==3.11 /usr/lib/python3.9/site-packages/ply/__init__.py
2024-03-25T20:13:01.331812+00:00 DEBUG 'ansible_navigator.main' psutil==5.8.0 /usr/lib64/python3.9/site-packages/psutil/__init__.py
2024-03-25T20:13:01.331834+00:00 DEBUG 'ansible_navigator.main' pycairo==1.20.1 
2024-03-25T20:13:01.331855+00:00 DEBUG 'ansible_navigator.main' pycparser==2.21 /usr/lib/python3.9/site-packages/pycparser/__init__.py
2024-03-25T20:13:01.331876+00:00 DEBUG 'ansible_navigator.main' pyinotify==0.9.6 /usr/lib/python3.9/site-packages/pyinotify.py
2024-03-25T20:13:01.331897+00:00 DEBUG 'ansible_navigator.main' pyrsistent==0.17.3 /usr/lib64/python3.9/site-packages/pyrsistent/__init__.py
2024-03-25T20:13:01.331918+00:00 DEBUG 'ansible_navigator.main' python-daemon==2.3.0 
2024-03-25T20:13:01.331941+00:00 DEBUG 'ansible_navigator.main' python-dateutil==2.8.1 
2024-03-25T20:13:01.331962+00:00 DEBUG 'ansible_navigator.main' python-linux-procfs==0.7.0 
2024-03-25T20:13:01.331982+00:00 DEBUG 'ansible_navigator.main' pyudev==0.22.0 /usr/lib/python3.9/site-packages/pyudev/__init__.py
2024-03-25T20:13:01.332003+00:00 DEBUG 'ansible_navigator.main' requests==2.31.0 /usr/lib/python3.9/site-packages/requests/__init__.py
2024-03-25T20:13:01.332024+00:00 DEBUG 'ansible_navigator.main' requirements-parser==0.2.0 
2024-03-25T20:13:01.332045+00:00 DEBUG 'ansible_navigator.main' resolvelib==0.5.4 /usr/lib/python3.9/site-packages/resolvelib/__init__.py
2024-03-25T20:13:01.332066+00:00 DEBUG 'ansible_navigator.main' rich==12.0.0 /usr/lib/python3.9/site-packages/rich/__init__.py
2024-03-25T20:13:01.332090+00:00 DEBUG 'ansible_navigator.main' ruamel.yaml.clib==0.2.6 
2024-03-25T20:13:01.332111+00:00 DEBUG 'ansible_navigator.main' ruamel.yaml==0.17.21 /usr/lib/python3.9/site-packages/ruamel/yaml/__init__.py
2024-03-25T20:13:01.332134+00:00 DEBUG 'ansible_navigator.main' selinux==3.5 /usr/lib64/python3.9/site-packages/selinux/__init__.py
2024-03-25T20:13:01.332155+00:00 DEBUG 'ansible_navigator.main' sepolicy==3.5 /usr/lib/python3.9/site-packages/sepolicy/__init__.py
2024-03-25T20:13:01.332176+00:00 DEBUG 'ansible_navigator.main' setools==4.4.3 /usr/lib64/python3.9/site-packages/setools/__init__.py
2024-03-25T20:13:01.332197+00:00 DEBUG 'ansible_navigator.main' setroubleshoot==3.3.32 /usr/lib/python3.9/site-packages/setroubleshoot/__init__.py
2024-03-25T20:13:01.332217+00:00 DEBUG 'ansible_navigator.main' setuptools==53.0.0 /usr/lib/python3.9/site-packages/setuptools/__init__.py
2024-03-25T20:13:01.332238+00:00 DEBUG 'ansible_navigator.main' six==1.16.0 /usr/lib/python3.9/site-packages/six.py
2024-03-25T20:13:01.332260+00:00 DEBUG 'ansible_navigator.main' sos==4.6.1 /usr/lib/python3.9/site-packages/sos/__init__.py
2024-03-25T20:13:01.332280+00:00 DEBUG 'ansible_navigator.main' subprocess-tee==0.4.1 
2024-03-25T20:13:01.332301+00:00 DEBUG 'ansible_navigator.main' subscription-manager==1.29.38 
2024-03-25T20:13:01.332322+00:00 DEBUG 'ansible_navigator.main' tomli==2.0.1 /usr/lib/python3.9/site-packages/tomli/__init__.py
2024-03-25T20:13:01.332343+00:00 DEBUG 'ansible_navigator.main' urllib3==1.26.18 /usr/lib/python3.9/site-packages/urllib3/__init__.py
2024-03-25T20:13:01.332363+00:00 DEBUG 'ansible_navigator.main' wcmatch==8.3 /usr/lib/python3.9/site-packages/wcmatch/__init__.py
2024-03-25T20:13:01.332384+00:00 DEBUG 'ansible_navigator.main' yamllint==1.30.0 /usr/lib/python3.9/site-packages/yamllint/__init__.py
2024-03-25T20:13:01.332405+00:00 DEBUG 'ansible_navigator.main' zipp==3.4.0 /usr/lib/python3.9/site-packages/zipp.py
2024-03-25T20:13:01.332428+00:00 DEBUG 'ansible_navigator.main' Default collection_doc_cache_path set to: /home/admin/.cache/ansible-navigator/collection_doc_cache.db
2024-03-25T20:13:01.332450+00:00 DEBUG 'ansible_navigator.main' EDITOR environment variable not set
2024-03-25T20:13:01.332471+00:00 DEBUG 'ansible_navigator.main' Default editor_command set to: vi +{line_number} {filename}
2024-03-25T20:13:01.332492+00:00 DEBUG 'ansible_navigator.main' No config file set by ANSIBLE_NAVIGATOR_CONFIG
2024-03-25T20:13:01.332513+00:00 DEBUG 'ansible_navigator.main' Looking in /home/admin
2024-03-25T20:13:01.332535+00:00 DEBUG 'ansible_navigator.main' Looking for '/home/admin/.ansible-navigator.yml', '/home/admin/.ansible-navigator.yaml' and '/home/admin/.ansible-navigator.json'
2024-03-25T20:13:01.332561+00:00 DEBUG 'ansible_navigator.main' Found 0: 
2024-03-25T20:13:01.332583+00:00 DEBUG 'ansible_navigator.main' Looking in /home/admin/secrets/59737-bah-aap-on-azure-migration/awx_export_secrets
2024-03-25T20:13:01.332606+00:00 DEBUG 'ansible_navigator.main' Looking for '/home/admin/secrets/59737-bah-aap-on-azure-migration/awx_export_secrets/ansible-navigator.yml', '/home/admin/secrets/59737-bah-aap-on-azure-migration/awx_export_secrets/ansible-navigator.yaml' and '/home/admin/secrets/59737-bah-aap-on-azure-migration/awx_export_secrets/ansible-navigator.json'
2024-03-25T20:13:01.332628+00:00 DEBUG 'ansible_navigator.main' Found 0: 
2024-03-25T20:13:01.332649+00:00 DEBUG 'ansible_navigator.main' All found 0: 
2024-03-25T20:13:01.332670+00:00 DEBUG 'ansible_navigator.main' Using: None
2024-03-25T20:13:01.332692+00:00 DEBUG 'ansible_navigator.main' No valid settings file found, using all default values for settings.
2024-03-25T20:13:01.332713+00:00 DEBUG 'ansible_navigator.main' Command provided: '--ee ee-supported-rhel9 -m stdout -i inventory --ask-vault-pass run awx_secrets.yml'
2024-03-25T20:13:01.332734+00:00 DEBUG 'ansible_navigator.main' EE support disabled: using 'ansible --version' for 'ansible.cfg'
2024-03-25T20:13:01.332756+00:00 DEBUG 'ansible_navigator.main' ansible --version stdout: 'ansible [core 2.15.9]
  config file = /etc/ansible/ansible.cfg
  configured module search path = ['/home/admin/.ansible/plugins/modules', '/usr/share/ansible/plugins/modules']
  ansible python module location = /usr/lib/python3.9/site-packages/ansible
  ansible collection location = /home/admin/.ansible/collections:/usr/share/ansible/collections
  executable location = /usr/bin/ansible
  python version = 3.9.18 (main, Jan  4 2024, 00:00:00) [GCC 11.4.1 20230605 (Red Hat 11.4.1-2)] (/usr/bin/python3)
  jinja version = 3.1.3
  libyaml = True
'
2024-03-25T20:13:01.332781+00:00 DEBUG 'ansible_navigator.main' Completed post processing for ansible_runner_artifact_dir. (changed=False)
2024-03-25T20:13:01.332803+00:00 DEBUG 'ansible_navigator.main' Completed post processing for ansible_runner_rotate_artifacts_count. (changed=False)
2024-03-25T20:13:01.332824+00:00 DEBUG 'ansible_navigator.main' Completed post processing for ansible_runner_timeout. (changed=False)
2024-03-25T20:13:01.332845+00:00 DEBUG 'ansible_navigator.main' Completed post processing for cmdline. (changed=False)
2024-03-25T20:13:01.332866+00:00 DEBUG 'ansible_navigator.main' Completed post processing for collection_doc_cache_path. (changed=False)
2024-03-25T20:13:01.332888+00:00 DEBUG 'ansible_navigator.main' Completed post processing for container_engine. (changed=True)
2024-03-25T20:13:01.332908+00:00 DEBUG 'ansible_navigator.main'  before: 'auto'
2024-03-25T20:13:01.332929+00:00 DEBUG 'ansible_navigator.main'  after: 'podman'
2024-03-25T20:13:01.332950+00:00 DEBUG 'ansible_navigator.main' Completed post processing for container_options. (changed=False)
2024-03-25T20:13:01.332971+00:00 DEBUG 'ansible_navigator.main' Completed post processing for display_color. (changed=False)
2024-03-25T20:13:01.332992+00:00 DEBUG 'ansible_navigator.main' Completed post processing for enable_prompts. (changed=False)
2024-03-25T20:13:01.333013+00:00 INFO 'ansible_navigator.main' ansible-playbook found at /usr/bin/ansible-playbook
2024-03-25T20:13:01.333034+00:00 DEBUG 'ansible_navigator.main' Completed post processing for execution_environment. (changed=False)
2024-03-25T20:13:01.333054+00:00 DEBUG 'ansible_navigator.main' Completed post processing for execution_environment_image. (changed=False)
2024-03-25T20:13:01.333074+00:00 DEBUG 'ansible_navigator.main' Completed post processing for help_builder. (changed=False)
2024-03-25T20:13:01.333095+00:00 DEBUG 'ansible_navigator.main' Completed post processing for help_config. (changed=False)
2024-03-25T20:13:01.333116+00:00 DEBUG 'ansible_navigator.main' Completed post processing for help_doc. (changed=False)
2024-03-25T20:13:01.333137+00:00 DEBUG 'ansible_navigator.main' Completed post processing for help_inventory. (changed=False)
2024-03-25T20:13:01.333158+00:00 DEBUG 'ansible_navigator.main' Completed post processing for help_playbook. (changed=False)
2024-03-25T20:13:01.333178+00:00 DEBUG 'ansible_navigator.main' Completed post processing for images_details. (changed=False)
2024-03-25T20:13:01.333199+00:00 DEBUG 'ansible_navigator.main' Completed post processing for inventory. (changed=False)
2024-03-25T20:13:01.333220+00:00 DEBUG 'ansible_navigator.main' Completed post processing for inventory_column. (changed=False)
2024-03-25T20:13:01.333241+00:00 DEBUG 'ansible_navigator.main' Completed post processing for log_file. (changed=False)
2024-03-25T20:13:01.333261+00:00 DEBUG 'ansible_navigator.main' Completed post processing for pass_environment_variable. (changed=False)
2024-03-25T20:13:01.333283+00:00 DEBUG 'ansible_navigator.main' Completed post processing for playbook. (changed=False)
2024-03-25T20:13:01.333303+00:00 DEBUG 'ansible_navigator.main' Completed post processing for playbook_artifact_replay. (changed=False)
2024-03-25T20:13:01.333324+00:00 DEBUG 'ansible_navigator.main' Completed post processing for playbook_artifact_save_as. (changed=False)
2024-03-25T20:13:01.333345+00:00 DEBUG 'ansible_navigator.main' Completed post processing for plugin_name. (changed=False)
2024-03-25T20:13:01.333366+00:00 DEBUG 'ansible_navigator.main' Completed post processing for pull_arguments. (changed=False)
2024-03-25T20:13:01.333389+00:00 DEBUG 'ansible_navigator.main' Completed post processing for set_environment_variable. (changed=False)
2024-03-25T20:13:01.333411+00:00 DEBUG 'ansible_navigator.main' Completed post processing for settings_effective. (changed=False)
2024-03-25T20:13:01.333432+00:00 DEBUG 'ansible_navigator.main' Completed post processing for settings_sample. (changed=False)
2024-03-25T20:13:01.333452+00:00 DEBUG 'ansible_navigator.main' Completed post processing for settings_schema. (changed=False)
2024-03-25T20:13:01.333473+00:00 DEBUG 'ansible_navigator.main' Completed post processing for settings_sources. (changed=False)
2024-03-25T20:13:01.333494+00:00 DEBUG 'ansible_navigator.main' Completed post processing for time_zone. (changed=False)
2024-03-25T20:13:01.333515+00:00 DEBUG 'ansible_navigator.main' Completed post processing for execution_environment_volume_mounts. (changed=False)
2024-03-25T20:13:01.333539+00:00 DEBUG 'ansible_navigator.main' Completed post processing for mode. (changed=False)
2024-03-25T20:13:01.333565+00:00 DEBUG 'ansible_navigator.main' Completed post processing for playbook_artifact_enable. (changed=False)
2024-03-25T20:13:01.333592+00:00 WARNING 'ansible_navigator.main' Configuration errors encountered, rolling back to previous configuration.
2024-03-25T20:13:01.333615+00:00 DEBUG 'ansible_navigator.main' Prior to rollback: ansible_runner_artifact_dir = 'Not set' (Constants/Not set)
2024-03-25T20:13:01.333637+00:00 DEBUG 'ansible_navigator.main' Prior to rollback: ansible_runner_rotate_artifacts_count = 'Not set' (Constants/Not set)
2024-03-25T20:13:01.333658+00:00 DEBUG 'ansible_navigator.main' Prior to rollback: ansible_runner_timeout = 'Not set' (Constants/Not set)
2024-03-25T20:13:01.333678+00:00 DEBUG 'ansible_navigator.main' Prior to rollback: ansible_runner_write_job_events = 'False' (bool/Defaults)
2024-03-25T20:13:01.333699+00:00 DEBUG 'ansible_navigator.main' Prior to rollback: app = 'inventory' (str/Command line)
2024-03-25T20:13:01.333720+00:00 DEBUG 'ansible_navigator.main' Prior to rollback: cmdline = '['-i', '--ask-vault-pass', 'run', 'awx_secrets.yml']' (list/Command line)
2024-03-25T20:13:01.333740+00:00 DEBUG 'ansible_navigator.main' Prior to rollback: collection_doc_cache_path = '/home/admin/.cache/ansible-navigator/collection_doc_cache.db' (str/Defaults)
2024-03-25T20:13:01.333761+00:00 DEBUG 'ansible_navigator.main' Prior to rollback: config = 'Not set' (Constants/Not set)
2024-03-25T20:13:01.333782+00:00 DEBUG 'ansible_navigator.main' Prior to rollback: container_engine = 'podman' (str/Automatically determined)
2024-03-25T20:13:01.333803+00:00 DEBUG 'ansible_navigator.main' Prior to rollback: container_options = 'Not set' (Constants/Not set)
2024-03-25T20:13:01.333824+00:00 DEBUG 'ansible_navigator.main' Prior to rollback: display_color = 'True' (bool/Defaults)
2024-03-25T20:13:01.333845+00:00 DEBUG 'ansible_navigator.main' Prior to rollback: editor_command = 'vi +{line_number} {filename}' (str/Defaults)
2024-03-25T20:13:01.333865+00:00 DEBUG 'ansible_navigator.main' Prior to rollback: editor_console = 'True' (bool/Defaults)
2024-03-25T20:13:01.333886+00:00 DEBUG 'ansible_navigator.main' Prior to rollback: enable_prompts = 'False' (bool/Defaults)
2024-03-25T20:13:01.333907+00:00 DEBUG 'ansible_navigator.main' Prior to rollback: exec_command = '/bin/bash' (str/Defaults)
2024-03-25T20:13:01.333929+00:00 DEBUG 'ansible_navigator.main' Prior to rollback: exec_shell = 'True' (bool/Defaults)
2024-03-25T20:13:01.333950+00:00 DEBUG 'ansible_navigator.main' Prior to rollback: execution_environment = 'ee-supported-rhel9' (str/Command line)
2024-03-25T20:13:01.333971+00:00 DEBUG 'ansible_navigator.main' Prior to rollback: execution_environment_image = 'registry.redhat.io/ansible-automation-platform-24/ee-supported-rhel8:latest' (str/Defaults)
2024-03-25T20:13:01.333992+00:00 DEBUG 'ansible_navigator.main' Prior to rollback: execution_environment_volume_mounts = 'Not set' (Constants/Not set)
2024-03-25T20:13:01.334016+00:00 DEBUG 'ansible_navigator.main' Prior to rollback: format = 'yaml' (str/Defaults)
2024-03-25T20:13:01.334038+00:00 DEBUG 'ansible_navigator.main' Prior to rollback: help_builder = 'False' (bool/Defaults)
2024-03-25T20:13:01.334059+00:00 DEBUG 'ansible_navigator.main' Prior to rollback: help_config = 'False' (bool/Defaults)
2024-03-25T20:13:01.334080+00:00 DEBUG 'ansible_navigator.main' Prior to rollback: help_doc = 'False' (bool/Defaults)
2024-03-25T20:13:01.334101+00:00 DEBUG 'ansible_navigator.main' Prior to rollback: help_inventory = 'False' (bool/Defaults)
2024-03-25T20:13:01.334122+00:00 DEBUG 'ansible_navigator.main' Prior to rollback: help_playbook = 'False' (bool/Defaults)
2024-03-25T20:13:01.334143+00:00 DEBUG 'ansible_navigator.main' Prior to rollback: images_details = '['everything']' (list/Defaults)
2024-03-25T20:13:01.334164+00:00 DEBUG 'ansible_navigator.main' Prior to rollback: inventory = 'Not set' (Constants/Not set)
2024-03-25T20:13:01.334185+00:00 DEBUG 'ansible_navigator.main' Prior to rollback: inventory_column = 'Not set' (Constants/Not set)
2024-03-25T20:13:01.334206+00:00 DEBUG 'ansible_navigator.main' Prior to rollback: lint_config = 'Not set' (Constants/Not set)
2024-03-25T20:13:01.334229+00:00 DEBUG 'ansible_navigator.main' Prior to rollback: lintables = 'Not set' (Constants/Not set)
2024-03-25T20:13:01.334250+00:00 DEBUG 'ansible_navigator.main' Prior to rollback: log_append = 'True' (bool/Defaults)
2024-03-25T20:13:01.334271+00:00 DEBUG 'ansible_navigator.main' Prior to rollback: log_file = '/home/admin/secrets/59737-bah-aap-on-azure-migration/awx_export_secrets/ansible-navigator.log' (str/Defaults)
2024-03-25T20:13:01.334292+00:00 DEBUG 'ansible_navigator.main' Prior to rollback: log_level = 'warning' (str/Defaults)
2024-03-25T20:13:01.334313+00:00 DEBUG 'ansible_navigator.main' Prior to rollback: mode = 'stdout' (str/Command line)
2024-03-25T20:13:01.334333+00:00 DEBUG 'ansible_navigator.main' Prior to rollback: osc4 = 'True' (bool/Defaults)
2024-03-25T20:13:01.334354+00:00 DEBUG 'ansible_navigator.main' Prior to rollback: pass_environment_variable = 'Not set' (Constants/Not set)
2024-03-25T20:13:01.334375+00:00 DEBUG 'ansible_navigator.main' Prior to rollback: playbook = 'Not set' (Constants/Not set)
2024-03-25T20:13:01.334396+00:00 DEBUG 'ansible_navigator.main' Prior to rollback: playbook_artifact_enable = 'True' (bool/Defaults)
2024-03-25T20:13:01.334417+00:00 DEBUG 'ansible_navigator.main' Prior to rollback: playbook_artifact_replay = 'Not set' (Constants/Not set)
2024-03-25T20:13:01.334438+00:00 DEBUG 'ansible_navigator.main' Prior to rollback: playbook_artifact_save_as = '{playbook_dir}/{playbook_name}-artifact-{time_stamp}.json' (str/Defaults)
2024-03-25T20:13:01.334459+00:00 DEBUG 'ansible_navigator.main' Prior to rollback: plugin_name = 'Not set' (Constants/Not set)
2024-03-25T20:13:01.334480+00:00 DEBUG 'ansible_navigator.main' Prior to rollback: plugin_type = 'module' (str/Defaults)
2024-03-25T20:13:01.334501+00:00 DEBUG 'ansible_navigator.main' Prior to rollback: pull_arguments = 'Not set' (Constants/Not set)
2024-03-25T20:13:01.334522+00:00 DEBUG 'ansible_navigator.main' Prior to rollback: pull_policy = 'tag' (str/Defaults)
2024-03-25T20:13:01.334543+00:00 DEBUG 'ansible_navigator.main' Prior to rollback: set_environment_variable = 'Not set' (Constants/Not set)
2024-03-25T20:13:01.334585+00:00 DEBUG 'ansible_navigator.main' Prior to rollback: settings_effective = 'False' (bool/Defaults)
2024-03-25T20:13:01.334608+00:00 DEBUG 'ansible_navigator.main' Prior to rollback: settings_sample = 'False' (bool/Defaults)
2024-03-25T20:13:01.334629+00:00 DEBUG 'ansible_navigator.main' Prior to rollback: settings_schema = 'json' (str/Defaults)
2024-03-25T20:13:01.334650+00:00 DEBUG 'ansible_navigator.main' Prior to rollback: settings_sources = 'False' (bool/Defaults)
2024-03-25T20:13:01.334671+00:00 DEBUG 'ansible_navigator.main' Prior to rollback: time_zone = 'UTC' (str/Defaults)
2024-03-25T20:13:01.334692+00:00 DEBUG 'ansible_navigator.main' Prior to rollback: workdir = '/home/admin/secrets/59737-bah-aap-on-azure-migration/awx_export_secrets' (str/Defaults)
2024-03-25T20:13:01.334715+00:00 DEBUG 'ansible_navigator.main' After rollback: ansible_runner_artifact_dir = 'Not set' (Constants/Not set)
2024-03-25T20:13:01.334737+00:00 DEBUG 'ansible_navigator.main' After rollback: ansible_runner_rotate_artifacts_count = 'Not set' (Constants/Not set)
2024-03-25T20:13:01.334758+00:00 DEBUG 'ansible_navigator.main' After rollback: ansible_runner_timeout = 'Not set' (Constants/Not set)
2024-03-25T20:13:01.334779+00:00 DEBUG 'ansible_navigator.main' After rollback: ansible_runner_write_job_events = 'Not set' (Constants/Not set)
2024-03-25T20:13:01.334800+00:00 DEBUG 'ansible_navigator.main' After rollback: app = 'Not set' (Constants/Not set)
2024-03-25T20:13:01.334821+00:00 DEBUG 'ansible_navigator.main' After rollback: cmdline = 'Not set' (Constants/Not set)
2024-03-25T20:13:01.334841+00:00 DEBUG 'ansible_navigator.main' After rollback: collection_doc_cache_path = 'Not set' (Constants/Not set)
2024-03-25T20:13:01.334862+00:00 DEBUG 'ansible_navigator.main' After rollback: config = 'Not set' (Constants/Not set)
2024-03-25T20:13:01.334884+00:00 DEBUG 'ansible_navigator.main' After rollback: container_engine = 'Not set' (Constants/Not set)
2024-03-25T20:13:01.334904+00:00 DEBUG 'ansible_navigator.main' After rollback: container_options = 'Not set' (Constants/Not set)
2024-03-25T20:13:01.334925+00:00 DEBUG 'ansible_navigator.main' After rollback: display_color = 'Not set' (Constants/Not set)
2024-03-25T20:13:01.334947+00:00 DEBUG 'ansible_navigator.main' After rollback: editor_command = 'Not set' (Constants/Not set)
2024-03-25T20:13:01.334968+00:00 DEBUG 'ansible_navigator.main' After rollback: editor_console = 'Not set' (Constants/Not set)
2024-03-25T20:13:01.334989+00:00 DEBUG 'ansible_navigator.main' After rollback: enable_prompts = 'Not set' (Constants/Not set)
2024-03-25T20:13:01.335010+00:00 DEBUG 'ansible_navigator.main' After rollback: exec_command = 'Not set' (Constants/Not set)
2024-03-25T20:13:01.335032+00:00 DEBUG 'ansible_navigator.main' After rollback: exec_shell = 'Not set' (Constants/Not set)
2024-03-25T20:13:01.335052+00:00 DEBUG 'ansible_navigator.main' After rollback: execution_environment = 'Not set' (Constants/Not set)
2024-03-25T20:13:01.335074+00:00 DEBUG 'ansible_navigator.main' After rollback: execution_environment_image = 'Not set' (Constants/Not set)
2024-03-25T20:13:01.335096+00:00 DEBUG 'ansible_navigator.main' After rollback: execution_environment_volume_mounts = 'Not set' (Constants/Not set)
2024-03-25T20:13:01.335117+00:00 DEBUG 'ansible_navigator.main' After rollback: format = 'Not set' (Constants/Not set)
2024-03-25T20:13:01.335138+00:00 DEBUG 'ansible_navigator.main' After rollback: help_builder = 'Not set' (Constants/Not set)
2024-03-25T20:13:01.335158+00:00 DEBUG 'ansible_navigator.main' After rollback: help_config = 'Not set' (Constants/Not set)
2024-03-25T20:13:01.335179+00:00 DEBUG 'ansible_navigator.main' After rollback: help_doc = 'Not set' (Constants/Not set)
2024-03-25T20:13:01.335200+00:00 DEBUG 'ansible_navigator.main' After rollback: help_inventory = 'Not set' (Constants/Not set)
2024-03-25T20:13:01.335222+00:00 DEBUG 'ansible_navigator.main' After rollback: help_playbook = 'Not set' (Constants/Not set)
2024-03-25T20:13:01.335243+00:00 DEBUG 'ansible_navigator.main' After rollback: images_details = 'Not set' (Constants/Not set)
2024-03-25T20:13:01.335263+00:00 DEBUG 'ansible_navigator.main' After rollback: inventory = 'Not set' (Constants/Not set)
2024-03-25T20:13:01.335284+00:00 DEBUG 'ansible_navigator.main' After rollback: inventory_column = 'Not set' (Constants/Not set)
2024-03-25T20:13:01.335305+00:00 DEBUG 'ansible_navigator.main' After rollback: lint_config = 'Not set' (Constants/Not set)
2024-03-25T20:13:01.335326+00:00 DEBUG 'ansible_navigator.main' After rollback: lintables = 'Not set' (Constants/Not set)
2024-03-25T20:13:01.335347+00:00 DEBUG 'ansible_navigator.main' After rollback: log_append = 'Not set' (Constants/Not set)
2024-03-25T20:13:01.335371+00:00 DEBUG 'ansible_navigator.main' After rollback: log_file = 'Not set' (Constants/Not set)
2024-03-25T20:13:01.335393+00:00 DEBUG 'ansible_navigator.main' After rollback: log_level = 'Not set' (Constants/Not set)
2024-03-25T20:13:01.335414+00:00 DEBUG 'ansible_navigator.main' After rollback: mode = 'Not set' (Constants/Not set)
2024-03-25T20:13:01.335435+00:00 DEBUG 'ansible_navigator.main' After rollback: osc4 = 'Not set' (Constants/Not set)
2024-03-25T20:13:01.335456+00:00 DEBUG 'ansible_navigator.main' After rollback: pass_environment_variable = 'Not set' (Constants/Not set)
2024-03-25T20:13:01.335477+00:00 DEBUG 'ansible_navigator.main' After rollback: playbook = 'Not set' (Constants/Not set)
2024-03-25T20:13:01.335497+00:00 DEBUG 'ansible_navigator.main' After rollback: playbook_artifact_enable = 'Not set' (Constants/Not set)
2024-03-25T20:13:01.335518+00:00 DEBUG 'ansible_navigator.main' After rollback: playbook_artifact_replay = 'Not set' (Constants/Not set)
2024-03-25T20:13:01.335539+00:00 DEBUG 'ansible_navigator.main' After rollback: playbook_artifact_save_as = 'Not set' (Constants/Not set)
2024-03-25T20:13:01.335564+00:00 DEBUG 'ansible_navigator.main' After rollback: plugin_name = 'Not set' (Constants/Not set)
2024-03-25T20:13:01.335586+00:00 DEBUG 'ansible_navigator.main' After rollback: plugin_type = 'Not set' (Constants/Not set)
2024-03-25T20:13:01.335609+00:00 DEBUG 'ansible_navigator.main' After rollback: pull_arguments = 'Not set' (Constants/Not set)
2024-03-25T20:13:01.335630+00:00 DEBUG 'ansible_navigator.main' After rollback: pull_policy = 'Not set' (Constants/Not set)
2024-03-25T20:13:01.335652+00:00 DEBUG 'ansible_navigator.main' After rollback: set_environment_variable = 'Not set' (Constants/Not set)
2024-03-25T20:13:01.335673+00:00 DEBUG 'ansible_navigator.main' After rollback: settings_effective = 'Not set' (Constants/Not set)
2024-03-25T20:13:01.335694+00:00 DEBUG 'ansible_navigator.main' After rollback: settings_sample = 'Not set' (Constants/Not set)
2024-03-25T20:13:01.335715+00:00 DEBUG 'ansible_navigator.main' After rollback: settings_schema = 'Not set' (Constants/Not set)
2024-03-25T20:13:01.335735+00:00 DEBUG 'ansible_navigator.main' After rollback: settings_sources = 'Not set' (Constants/Not set)
2024-03-25T20:13:01.335756+00:00 DEBUG 'ansible_navigator.main' After rollback: time_zone = 'Not set' (Constants/Not set)
2024-03-25T20:13:01.335778+00:00 DEBUG 'ansible_navigator.main' After rollback: workdir = 'Not set' (Constants/Not set)
2024-03-25T20:13:01.335799+00:00 DEBUG 'ansible_navigator.main' Configuration rollback complete.
2024-03-25T20:13:01.335820+00:00 DEBUG 'ansible_navigator.main' Collection doc cache not mounted
2024-03-25T20:13:01.335855+00:00 WARNING 'ansible_navigator.main' Issues were found while applying the settings.
2024-03-25T20:13:01.335881+00:00 INFO 'ansible_navigator.main' Command provided: '--ee ee-supported-rhel9 -m stdout -i inventory --ask-vault-pass run awx_secrets.yml'
2024-03-25T20:13:01.335910+00:00 ERROR 'ansible_navigator.main' An inventory is required when using the inventory subcommand
2024-03-25T20:13:01.335934+00:00 INFO 'ansible_navigator.main' Try again with '-i <path to inventory>'
2024-03-25T20:13:01.335958+00:00 ERROR 'ansible_navigator.main' The setting 'execution-environment' must be one of 'true' or 'false', but set as 'ee-supported-rhel9'. (Command line)
2024-03-25T20:13:01.335982+00:00 INFO 'ansible_navigator.main' Try again with '--ee true' or '--ee false'
2024-03-25T20:13:01.336005+00:00 INFO 'ansible_navigator.main' Configuration failed, using default log file location. (/home/admin/secrets/59737-bah-aap-on-azure-migration/awx_export_secrets/ansible-navigator.log) Log level set to debug
2024-03-25T20:13:01.336029+00:00 INFO 'ansible_navigator.main' Review the hints and log file to see what went wrong.
2024-03-25T20:13:28.195813+00:00 INFO 'ansible_navigator.setup_logger' New ansible-navigator instance, logging initialized
2024-03-25T20:13:28.196017+00:00 INFO 'ansible_navigator.setup_logger' New ansible-runner instance, logging initialized
2024-03-25T20:13:28.196066+00:00 DEBUG 'ansible_navigator.main' Jinja2==3.1.3 
2024-03-25T20:13:28.196096+00:00 DEBUG 'ansible_navigator.main' MarkupSafe==2.1.0 
2024-03-25T20:13:28.196120+00:00 DEBUG 'ansible_navigator.main' PySocks==1.7.1 
2024-03-25T20:13:28.196143+00:00 DEBUG 'ansible_navigator.main' PyYAML==5.4.1 
2024-03-25T20:13:28.196165+00:00 DEBUG 'ansible_navigator.main' ansible-builder==3.0.1 
2024-03-25T20:13:28.196187+00:00 DEBUG 'ansible_navigator.main' ansible-core==2.15.9 
2024-03-25T20:13:28.196208+00:00 DEBUG 'ansible_navigator.main' ansible-creator==0.0.1a4 
2024-03-25T20:13:28.196230+00:00 DEBUG 'ansible_navigator.main' ansible-lint==6.14.3 
2024-03-25T20:13:28.196251+00:00 DEBUG 'ansible_navigator.main' ansible-navigator==3.4.1 
2024-03-25T20:13:28.196272+00:00 DEBUG 'ansible_navigator.main' ansible-runner==2.3.5 
2024-03-25T20:13:28.196293+00:00 DEBUG 'ansible_navigator.main' argcomplete==1.12.0 /usr/lib/python3.9/site-packages/argcomplete/__init__.py
2024-03-25T20:13:28.196315+00:00 DEBUG 'ansible_navigator.main' attrs==21.4.0 /usr/lib/python3.9/site-packages/attrs/__init__.py
2024-03-25T20:13:28.196336+00:00 DEBUG 'ansible_navigator.main' awxkit==4.5.2 /usr/lib/python3.9/site-packages/awxkit/__init__.py
2024-03-25T20:13:28.196357+00:00 DEBUG 'ansible_navigator.main' bindep==2.10.2 /usr/lib/python3.9/site-packages/bindep/__init__.py
2024-03-25T20:13:28.196378+00:00 DEBUG 'ansible_navigator.main' black==22.8.0 /usr/lib/python3.9/site-packages/black/__init__.py
2024-03-25T20:13:28.196400+00:00 DEBUG 'ansible_navigator.main' bracex==2.2.1 /usr/lib/python3.9/site-packages/bracex/__init__.py
2024-03-25T20:13:28.196421+00:00 DEBUG 'ansible_navigator.main' certifi==2022.12.7 /usr/lib/python3.9/site-packages/certifi/__init__.py
2024-03-25T20:13:28.196442+00:00 DEBUG 'ansible_navigator.main' cffi==1.15.0 /usr/lib64/python3.9/site-packages/cffi/__init__.py
2024-03-25T20:13:28.196463+00:00 DEBUG 'ansible_navigator.main' chardet==4.0.0 /usr/lib/python3.9/site-packages/chardet/__init__.py
2024-03-25T20:13:28.196484+00:00 DEBUG 'ansible_navigator.main' charset-normalizer==2.0.11 
2024-03-25T20:13:28.196505+00:00 DEBUG 'ansible_navigator.main' click==8.1.3 /usr/lib/python3.9/site-packages/click/__init__.py
2024-03-25T20:13:28.196526+00:00 DEBUG 'ansible_navigator.main' cockpit==300.4 /usr/lib/python3.9/site-packages/cockpit/__init__.py
2024-03-25T20:13:28.196547+00:00 DEBUG 'ansible_navigator.main' commonmark==0.9.1 /usr/lib/python3.9/site-packages/commonmark/__init__.py
2024-03-25T20:13:28.196572+00:00 DEBUG 'ansible_navigator.main' cryptography==38.0.4 /usr/lib64/python3.9/site-packages/cryptography/__init__.py
2024-03-25T20:13:28.196596+00:00 DEBUG 'ansible_navigator.main' dasbus==1.4 /usr/lib/python3.9/site-packages/dasbus/__init__.py
2024-03-25T20:13:28.196617+00:00 DEBUG 'ansible_navigator.main' dbus-python==1.2.18 
2024-03-25T20:13:28.196638+00:00 DEBUG 'ansible_navigator.main' decorator==4.4.2 /usr/lib/python3.9/site-packages/decorator.py
2024-03-25T20:13:28.196660+00:00 DEBUG 'ansible_navigator.main' distro==1.6.0 /usr/lib/python3.9/site-packages/distro.py
2024-03-25T20:13:28.196681+00:00 DEBUG 'ansible_navigator.main' docutils==0.16 /usr/lib/python3.9/site-packages/docutils/__init__.py
2024-03-25T20:13:28.196702+00:00 DEBUG 'ansible_navigator.main' ethtool==0.15 /usr/lib64/python3.9/site-packages/ethtool.cpython-39-x86_64-linux-gnu.so
2024-03-25T20:13:28.196723+00:00 DEBUG 'ansible_navigator.main' file-magic==0.4.0 
2024-03-25T20:13:28.196743+00:00 DEBUG 'ansible_navigator.main' filelock==3.8.0 /usr/lib/python3.9/site-packages/filelock/__init__.py
2024-03-25T20:13:28.196764+00:00 DEBUG 'ansible_navigator.main' future==0.18.3 /usr/lib/python3.9/site-packages/future/__init__.py
2024-03-25T20:13:28.196786+00:00 DEBUG 'ansible_navigator.main' idna==3.3 /usr/lib/python3.9/site-packages/idna/__init__.py
2024-03-25T20:13:28.196807+00:00 DEBUG 'ansible_navigator.main' importlib-metadata==6.0.1 
2024-03-25T20:13:28.196828+00:00 DEBUG 'ansible_navigator.main' importlib-resources==5.0.7 
2024-03-25T20:13:28.196852+00:00 DEBUG 'ansible_navigator.main' iniparse==0.4 /usr/lib/python3.9/site-packages/iniparse/__init__.py
2024-03-25T20:13:28.196873+00:00 DEBUG 'ansible_navigator.main' jsonschema==4.16.0 /usr/lib/python3.9/site-packages/jsonschema/__init__.py
2024-03-25T20:13:28.196895+00:00 DEBUG 'ansible_navigator.main' libvirt-python==9.3.0 
2024-03-25T20:13:28.196915+00:00 DEBUG 'ansible_navigator.main' lockfile==0.12.2 /usr/lib/python3.9/site-packages/lockfile/__init__.py
2024-03-25T20:13:28.196936+00:00 DEBUG 'ansible_navigator.main' lxml==4.6.5 /usr/lib64/python3.9/site-packages/lxml/__init__.py
2024-03-25T20:13:28.196957+00:00 DEBUG 'ansible_navigator.main' mypy-extensions==0.4.3 
2024-03-25T20:13:28.196977+00:00 DEBUG 'ansible_navigator.main' onigurumacffi==1.1.0 /usr/lib64/python3.9/site-packages/onigurumacffi.py
2024-03-25T20:13:28.196998+00:00 DEBUG 'ansible_navigator.main' packaging==21.3 /usr/lib/python3.9/site-packages/packaging/__init__.py
2024-03-25T20:13:28.197018+00:00 DEBUG 'ansible_navigator.main' pbr==5.8.1 /usr/lib/python3.9/site-packages/pbr/__init__.py
2024-03-25T20:13:28.197039+00:00 DEBUG 'ansible_navigator.main' perf==0.1 /usr/lib64/python3.9/site-packages/perf.cpython-39-x86_64-linux-gnu.so
2024-03-25T20:13:28.197060+00:00 DEBUG 'ansible_navigator.main' pip==21.2.3 /usr/lib/python3.9/site-packages/pip/__init__.py
2024-03-25T20:13:28.197080+00:00 DEBUG 'ansible_navigator.main' platformdirs==2.4.1 /usr/lib/python3.9/site-packages/platformdirs/__init__.py
2024-03-25T20:13:28.197101+00:00 DEBUG 'ansible_navigator.main' ply==3.11 /usr/lib/python3.9/site-packages/ply/__init__.py
2024-03-25T20:13:28.197123+00:00 DEBUG 'ansible_navigator.main' psutil==5.8.0 /usr/lib64/python3.9/site-packages/psutil/__init__.py
2024-03-25T20:13:28.197144+00:00 DEBUG 'ansible_navigator.main' pycairo==1.20.1 
2024-03-25T20:13:28.197165+00:00 DEBUG 'ansible_navigator.main' pycparser==2.21 /usr/lib/python3.9/site-packages/pycparser/__init__.py
2024-03-25T20:13:28.197186+00:00 DEBUG 'ansible_navigator.main' pyinotify==0.9.6 /usr/lib/python3.9/site-packages/pyinotify.py
2024-03-25T20:13:28.197206+00:00 DEBUG 'ansible_navigator.main' pyrsistent==0.17.3 /usr/lib64/python3.9/site-packages/pyrsistent/__init__.py
2024-03-25T20:13:28.197228+00:00 DEBUG 'ansible_navigator.main' python-daemon==2.3.0 
2024-03-25T20:13:28.197249+00:00 DEBUG 'ansible_navigator.main' python-dateutil==2.8.1 
2024-03-25T20:13:28.197271+00:00 DEBUG 'ansible_navigator.main' python-linux-procfs==0.7.0 
2024-03-25T20:13:28.197292+00:00 DEBUG 'ansible_navigator.main' pyudev==0.22.0 /usr/lib/python3.9/site-packages/pyudev/__init__.py
2024-03-25T20:13:28.197313+00:00 DEBUG 'ansible_navigator.main' requests==2.31.0 /usr/lib/python3.9/site-packages/requests/__init__.py
2024-03-25T20:13:28.197334+00:00 DEBUG 'ansible_navigator.main' requirements-parser==0.2.0 
2024-03-25T20:13:28.197355+00:00 DEBUG 'ansible_navigator.main' resolvelib==0.5.4 /usr/lib/python3.9/site-packages/resolvelib/__init__.py
2024-03-25T20:13:28.197376+00:00 DEBUG 'ansible_navigator.main' rich==12.0.0 /usr/lib/python3.9/site-packages/rich/__init__.py
2024-03-25T20:13:28.197397+00:00 DEBUG 'ansible_navigator.main' ruamel.yaml.clib==0.2.6 
2024-03-25T20:13:28.197417+00:00 DEBUG 'ansible_navigator.main' ruamel.yaml==0.17.21 /usr/lib/python3.9/site-packages/ruamel/yaml/__init__.py
2024-03-25T20:13:28.197438+00:00 DEBUG 'ansible_navigator.main' selinux==3.5 /usr/lib64/python3.9/site-packages/selinux/__init__.py
2024-03-25T20:13:28.197459+00:00 DEBUG 'ansible_navigator.main' sepolicy==3.5 /usr/lib/python3.9/site-packages/sepolicy/__init__.py
2024-03-25T20:13:28.197479+00:00 DEBUG 'ansible_navigator.main' setools==4.4.3 /usr/lib64/python3.9/site-packages/setools/__init__.py
2024-03-25T20:13:28.197500+00:00 DEBUG 'ansible_navigator.main' setroubleshoot==3.3.32 /usr/lib/python3.9/site-packages/setroubleshoot/__init__.py
2024-03-25T20:13:28.197521+00:00 DEBUG 'ansible_navigator.main' setuptools==53.0.0 /usr/lib/python3.9/site-packages/setuptools/__init__.py
2024-03-25T20:13:28.197542+00:00 DEBUG 'ansible_navigator.main' six==1.16.0 /usr/lib/python3.9/site-packages/six.py
2024-03-25T20:13:28.197569+00:00 DEBUG 'ansible_navigator.main' sos==4.6.1 /usr/lib/python3.9/site-packages/sos/__init__.py
2024-03-25T20:13:28.197594+00:00 DEBUG 'ansible_navigator.main' subprocess-tee==0.4.1 
2024-03-25T20:13:28.197616+00:00 DEBUG 'ansible_navigator.main' subscription-manager==1.29.38 
2024-03-25T20:13:28.197639+00:00 DEBUG 'ansible_navigator.main' tomli==2.0.1 /usr/lib/python3.9/site-packages/tomli/__init__.py
2024-03-25T20:13:28.197659+00:00 DEBUG 'ansible_navigator.main' urllib3==1.26.18 /usr/lib/python3.9/site-packages/urllib3/__init__.py
2024-03-25T20:13:28.197680+00:00 DEBUG 'ansible_navigator.main' wcmatch==8.3 /usr/lib/python3.9/site-packages/wcmatch/__init__.py
2024-03-25T20:13:28.197701+00:00 DEBUG 'ansible_navigator.main' yamllint==1.30.0 /usr/lib/python3.9/site-packages/yamllint/__init__.py
2024-03-25T20:13:28.197721+00:00 DEBUG 'ansible_navigator.main' zipp==3.4.0 /usr/lib/python3.9/site-packages/zipp.py
2024-03-25T20:13:28.197742+00:00 DEBUG 'ansible_navigator.main' Default collection_doc_cache_path set to: /home/admin/.cache/ansible-navigator/collection_doc_cache.db
2024-03-25T20:13:28.197763+00:00 DEBUG 'ansible_navigator.main' EDITOR environment variable not set
2024-03-25T20:13:28.197784+00:00 DEBUG 'ansible_navigator.main' Default editor_command set to: vi +{line_number} {filename}
2024-03-25T20:13:28.197805+00:00 DEBUG 'ansible_navigator.main' No config file set by ANSIBLE_NAVIGATOR_CONFIG
2024-03-25T20:13:28.197826+00:00 DEBUG 'ansible_navigator.main' Looking in /home/admin
2024-03-25T20:13:28.197847+00:00 DEBUG 'ansible_navigator.main' Looking for '/home/admin/.ansible-navigator.yml', '/home/admin/.ansible-navigator.yaml' and '/home/admin/.ansible-navigator.json'
2024-03-25T20:13:28.197868+00:00 DEBUG 'ansible_navigator.main' Found 0: 
2024-03-25T20:13:28.197890+00:00 DEBUG 'ansible_navigator.main' Looking in /home/admin/secrets/59737-bah-aap-on-azure-migration/awx_export_secrets
2024-03-25T20:13:28.197911+00:00 DEBUG 'ansible_navigator.main' Looking for '/home/admin/secrets/59737-bah-aap-on-azure-migration/awx_export_secrets/ansible-navigator.yml', '/home/admin/secrets/59737-bah-aap-on-azure-migration/awx_export_secrets/ansible-navigator.yaml' and '/home/admin/secrets/59737-bah-aap-on-azure-migration/awx_export_secrets/ansible-navigator.json'
2024-03-25T20:13:28.197932+00:00 DEBUG 'ansible_navigator.main' Found 0: 
2024-03-25T20:13:28.197953+00:00 DEBUG 'ansible_navigator.main' All found 0: 
2024-03-25T20:13:28.197974+00:00 DEBUG 'ansible_navigator.main' Using: None
2024-03-25T20:13:28.197995+00:00 DEBUG 'ansible_navigator.main' No valid settings file found, using all default values for settings.
2024-03-25T20:13:28.198016+00:00 DEBUG 'ansible_navigator.main' Command provided: '-m stdout -i inventory --ask-vault-pass run awx_secrets.yml --ee true'
2024-03-25T20:13:28.198038+00:00 DEBUG 'ansible_navigator.main' EE support enabled: using current working directory for 'ansible.cfg'
2024-03-25T20:13:28.198059+00:00 INFO 'ansible_navigator.main' EE support enabled: no 'ansible.cfg' found in current working directory. Tried /home/admin/secrets/59737-bah-aap-on-azure-migration/awx_export_secrets/ansible.cfg
2024-03-25T20:13:28.198081+00:00 DEBUG 'ansible_navigator.main' Completed post processing for ansible_runner_artifact_dir. (changed=False)
2024-03-25T20:13:28.198102+00:00 DEBUG 'ansible_navigator.main' Completed post processing for ansible_runner_rotate_artifacts_count. (changed=False)
2024-03-25T20:13:28.198123+00:00 DEBUG 'ansible_navigator.main' Completed post processing for ansible_runner_timeout. (changed=False)
2024-03-25T20:13:28.198144+00:00 DEBUG 'ansible_navigator.main' Completed post processing for cmdline. (changed=False)
2024-03-25T20:13:28.198164+00:00 DEBUG 'ansible_navigator.main' Completed post processing for collection_doc_cache_path. (changed=False)
2024-03-25T20:13:28.198185+00:00 DEBUG 'ansible_navigator.main' Completed post processing for container_engine. (changed=True)
2024-03-25T20:13:28.198209+00:00 DEBUG 'ansible_navigator.main'  before: 'auto'
2024-03-25T20:13:28.198230+00:00 DEBUG 'ansible_navigator.main'  after: 'podman'
2024-03-25T20:13:28.198251+00:00 DEBUG 'ansible_navigator.main' Completed post processing for container_options. (changed=False)
2024-03-25T20:13:28.198272+00:00 DEBUG 'ansible_navigator.main' Completed post processing for display_color. (changed=False)
2024-03-25T20:13:28.198293+00:00 DEBUG 'ansible_navigator.main' Completed post processing for enable_prompts. (changed=False)
2024-03-25T20:13:28.198314+00:00 DEBUG 'ansible_navigator.main' Completed post processing for execution_environment. (changed=True)
2024-03-25T20:13:28.198335+00:00 DEBUG 'ansible_navigator.main'  before: 'true'
2024-03-25T20:13:28.198356+00:00 DEBUG 'ansible_navigator.main'  after: 'True'
2024-03-25T20:13:28.198376+00:00 DEBUG 'ansible_navigator.main' Completed post processing for execution_environment_image. (changed=False)
2024-03-25T20:13:28.198397+00:00 DEBUG 'ansible_navigator.main' Completed post processing for help_builder. (changed=False)
2024-03-25T20:13:28.198418+00:00 DEBUG 'ansible_navigator.main' Completed post processing for help_config. (changed=False)
2024-03-25T20:13:28.198439+00:00 DEBUG 'ansible_navigator.main' Completed post processing for help_doc. (changed=False)
2024-03-25T20:13:28.198460+00:00 DEBUG 'ansible_navigator.main' Completed post processing for help_inventory. (changed=False)
2024-03-25T20:13:28.198481+00:00 DEBUG 'ansible_navigator.main' Completed post processing for help_playbook. (changed=False)
2024-03-25T20:13:28.198502+00:00 DEBUG 'ansible_navigator.main' Completed post processing for images_details. (changed=False)
2024-03-25T20:13:28.198523+00:00 DEBUG 'ansible_navigator.main' Completed post processing for inventory. (changed=False)
2024-03-25T20:13:28.198544+00:00 DEBUG 'ansible_navigator.main' Completed post processing for inventory_column. (changed=False)
2024-03-25T20:13:28.198611+00:00 DEBUG 'ansible_navigator.main' Completed post processing for log_file. (changed=False)
2024-03-25T20:13:28.198633+00:00 DEBUG 'ansible_navigator.main' Completed post processing for pass_environment_variable. (changed=False)
2024-03-25T20:13:28.198654+00:00 DEBUG 'ansible_navigator.main' Completed post processing for playbook. (changed=False)
2024-03-25T20:13:28.198675+00:00 DEBUG 'ansible_navigator.main' Completed post processing for playbook_artifact_replay. (changed=False)
2024-03-25T20:13:28.198696+00:00 DEBUG 'ansible_navigator.main' Completed post processing for playbook_artifact_save_as. (changed=False)
2024-03-25T20:13:28.198717+00:00 DEBUG 'ansible_navigator.main' Completed post processing for plugin_name. (changed=False)
2024-03-25T20:13:28.198738+00:00 DEBUG 'ansible_navigator.main' Completed post processing for pull_arguments. (changed=False)
2024-03-25T20:13:28.198758+00:00 DEBUG 'ansible_navigator.main' Completed post processing for set_environment_variable. (changed=False)
2024-03-25T20:13:28.198780+00:00 DEBUG 'ansible_navigator.main' Completed post processing for settings_effective. (changed=False)
2024-03-25T20:13:28.198802+00:00 DEBUG 'ansible_navigator.main' Completed post processing for settings_sample. (changed=False)
2024-03-25T20:13:28.198823+00:00 DEBUG 'ansible_navigator.main' Completed post processing for settings_schema. (changed=False)
2024-03-25T20:13:28.198843+00:00 DEBUG 'ansible_navigator.main' Completed post processing for settings_sources. (changed=False)
2024-03-25T20:13:28.198864+00:00 DEBUG 'ansible_navigator.main' Completed post processing for time_zone. (changed=False)
2024-03-25T20:13:28.198885+00:00 DEBUG 'ansible_navigator.main' Completed post processing for execution_environment_volume_mounts. (changed=False)
2024-03-25T20:13:28.198905+00:00 DEBUG 'ansible_navigator.main' Completed post processing for mode. (changed=False)
2024-03-25T20:13:28.198925+00:00 DEBUG 'ansible_navigator.main' Completed post processing for playbook_artifact_enable. (changed=False)
2024-03-25T20:13:28.198951+00:00 WARNING 'ansible_navigator.main' Configuration errors encountered, rolling back to previous configuration.
2024-03-25T20:13:28.198976+00:00 DEBUG 'ansible_navigator.main' Prior to rollback: ansible_runner_artifact_dir = 'Not set' (Constants/Not set)
2024-03-25T20:13:28.198997+00:00 DEBUG 'ansible_navigator.main' Prior to rollback: ansible_runner_rotate_artifacts_count = 'Not set' (Constants/Not set)
2024-03-25T20:13:28.199018+00:00 DEBUG 'ansible_navigator.main' Prior to rollback: ansible_runner_timeout = 'Not set' (Constants/Not set)
2024-03-25T20:13:28.199040+00:00 DEBUG 'ansible_navigator.main' Prior to rollback: ansible_runner_write_job_events = 'False' (bool/Defaults)
2024-03-25T20:13:28.199061+00:00 DEBUG 'ansible_navigator.main' Prior to rollback: app = 'inventory' (str/Command line)
2024-03-25T20:13:28.199081+00:00 DEBUG 'ansible_navigator.main' Prior to rollback: cmdline = '['-i', '--ask-vault-pass', 'run', 'awx_secrets.yml']' (list/Command line)
2024-03-25T20:13:28.199103+00:00 DEBUG 'ansible_navigator.main' Prior to rollback: collection_doc_cache_path = '/home/admin/.cache/ansible-navigator/collection_doc_cache.db' (str/Defaults)
2024-03-25T20:13:28.199124+00:00 DEBUG 'ansible_navigator.main' Prior to rollback: config = 'Not set' (Constants/Not set)
2024-03-25T20:13:28.199145+00:00 DEBUG 'ansible_navigator.main' Prior to rollback: container_engine = 'podman' (str/Automatically determined)
2024-03-25T20:13:28.199166+00:00 DEBUG 'ansible_navigator.main' Prior to rollback: container_options = 'Not set' (Constants/Not set)
2024-03-25T20:13:28.199188+00:00 DEBUG 'ansible_navigator.main' Prior to rollback: display_color = 'True' (bool/Defaults)
2024-03-25T20:13:28.199208+00:00 DEBUG 'ansible_navigator.main' Prior to rollback: editor_command = 'vi +{line_number} {filename}' (str/Defaults)
2024-03-25T20:13:28.199230+00:00 DEBUG 'ansible_navigator.main' Prior to rollback: editor_console = 'True' (bool/Defaults)
2024-03-25T20:13:28.199251+00:00 DEBUG 'ansible_navigator.main' Prior to rollback: enable_prompts = 'False' (bool/Defaults)
2024-03-25T20:13:28.199272+00:00 DEBUG 'ansible_navigator.main' Prior to rollback: exec_command = '/bin/bash' (str/Defaults)
2024-03-25T20:13:28.199293+00:00 DEBUG 'ansible_navigator.main' Prior to rollback: exec_shell = 'True' (bool/Defaults)
2024-03-25T20:13:28.199313+00:00 DEBUG 'ansible_navigator.main' Prior to rollback: execution_environment = 'True' (bool/Command line)
2024-03-25T20:13:28.199335+00:00 DEBUG 'ansible_navigator.main' Prior to rollback: execution_environment_image = 'registry.redhat.io/ansible-automation-platform-24/ee-supported-rhel8:latest' (str/Defaults)
2024-03-25T20:13:28.199356+00:00 DEBUG 'ansible_navigator.main' Prior to rollback: execution_environment_volume_mounts = 'Not set' (Constants/Not set)
2024-03-25T20:13:28.199377+00:00 DEBUG 'ansible_navigator.main' Prior to rollback: format = 'yaml' (str/Defaults)
2024-03-25T20:13:28.199398+00:00 DEBUG 'ansible_navigator.main' Prior to rollback: help_builder = 'False' (bool/Defaults)
2024-03-25T20:13:28.199419+00:00 DEBUG 'ansible_navigator.main' Prior to rollback: help_config = 'False' (bool/Defaults)
2024-03-25T20:13:28.199440+00:00 DEBUG 'ansible_navigator.main' Prior to rollback: help_doc = 'False' (bool/Defaults)
2024-03-25T20:13:28.199461+00:00 DEBUG 'ansible_navigator.main' Prior to rollback: help_inventory = 'False' (bool/Defaults)
2024-03-25T20:13:28.199482+00:00 DEBUG 'ansible_navigator.main' Prior to rollback: help_playbook = 'False' (bool/Defaults)
2024-03-25T20:13:28.199503+00:00 DEBUG 'ansible_navigator.main' Prior to rollback: images_details = '['everything']' (list/Defaults)
2024-03-25T20:13:28.199523+00:00 DEBUG 'ansible_navigator.main' Prior to rollback: inventory = 'Not set' (Constants/Not set)
2024-03-25T20:13:28.199544+00:00 DEBUG 'ansible_navigator.main' Prior to rollback: inventory_column = 'Not set' (Constants/Not set)
2024-03-25T20:13:28.199574+00:00 DEBUG 'ansible_navigator.main' Prior to rollback: lint_config = 'Not set' (Constants/Not set)
2024-03-25T20:13:28.199595+00:00 DEBUG 'ansible_navigator.main' Prior to rollback: lintables = 'Not set' (Constants/Not set)
2024-03-25T20:13:28.199619+00:00 DEBUG 'ansible_navigator.main' Prior to rollback: log_append = 'True' (bool/Defaults)
2024-03-25T20:13:28.199640+00:00 DEBUG 'ansible_navigator.main' Prior to rollback: log_file = '/home/admin/secrets/59737-bah-aap-on-azure-migration/awx_export_secrets/ansible-navigator.log' (str/Defaults)
2024-03-25T20:13:28.199661+00:00 DEBUG 'ansible_navigator.main' Prior to rollback: log_level = 'warning' (str/Defaults)
2024-03-25T20:13:28.199682+00:00 DEBUG 'ansible_navigator.main' Prior to rollback: mode = 'stdout' (str/Command line)
2024-03-25T20:13:28.199703+00:00 DEBUG 'ansible_navigator.main' Prior to rollback: osc4 = 'True' (bool/Defaults)
2024-03-25T20:13:28.199724+00:00 DEBUG 'ansible_navigator.main' Prior to rollback: pass_environment_variable = 'Not set' (Constants/Not set)
2024-03-25T20:13:28.199745+00:00 DEBUG 'ansible_navigator.main' Prior to rollback: playbook = 'Not set' (Constants/Not set)
2024-03-25T20:13:28.199767+00:00 DEBUG 'ansible_navigator.main' Prior to rollback: playbook_artifact_enable = 'True' (bool/Defaults)
2024-03-25T20:13:28.199787+00:00 DEBUG 'ansible_navigator.main' Prior to rollback: playbook_artifact_replay = 'Not set' (Constants/Not set)
2024-03-25T20:13:28.199808+00:00 DEBUG 'ansible_navigator.main' Prior to rollback: playbook_artifact_save_as = '{playbook_dir}/{playbook_name}-artifact-{time_stamp}.json' (str/Defaults)
2024-03-25T20:13:28.199829+00:00 DEBUG 'ansible_navigator.main' Prior to rollback: plugin_name = 'Not set' (Constants/Not set)
2024-03-25T20:13:28.199850+00:00 DEBUG 'ansible_navigator.main' Prior to rollback: plugin_type = 'module' (str/Defaults)
2024-03-25T20:13:28.199870+00:00 DEBUG 'ansible_navigator.main' Prior to rollback: pull_arguments = 'Not set' (Constants/Not set)
2024-03-25T20:13:28.199892+00:00 DEBUG 'ansible_navigator.main' Prior to rollback: pull_policy = 'tag' (str/Defaults)
2024-03-25T20:13:28.199913+00:00 DEBUG 'ansible_navigator.main' Prior to rollback: set_environment_variable = 'Not set' (Constants/Not set)
2024-03-25T20:13:28.199934+00:00 DEBUG 'ansible_navigator.main' Prior to rollback: settings_effective = 'False' (bool/Defaults)
2024-03-25T20:13:28.199954+00:00 DEBUG 'ansible_navigator.main' Prior to rollback: settings_sample = 'False' (bool/Defaults)
2024-03-25T20:13:28.199975+00:00 DEBUG 'ansible_navigator.main' Prior to rollback: settings_schema = 'json' (str/Defaults)
2024-03-25T20:13:28.199996+00:00 DEBUG 'ansible_navigator.main' Prior to rollback: settings_sources = 'False' (bool/Defaults)
2024-03-25T20:13:28.200017+00:00 DEBUG 'ansible_navigator.main' Prior to rollback: time_zone = 'UTC' (str/Defaults)
2024-03-25T20:13:28.200038+00:00 DEBUG 'ansible_navigator.main' Prior to rollback: workdir = '/home/admin/secrets/59737-bah-aap-on-azure-migration/awx_export_secrets' (str/Defaults)
2024-03-25T20:13:28.200059+00:00 DEBUG 'ansible_navigator.main' After rollback: ansible_runner_artifact_dir = 'Not set' (Constants/Not set)
2024-03-25T20:13:28.200081+00:00 DEBUG 'ansible_navigator.main' After rollback: ansible_runner_rotate_artifacts_count = 'Not set' (Constants/Not set)
2024-03-25T20:13:28.200102+00:00 DEBUG 'ansible_navigator.main' After rollback: ansible_runner_timeout = 'Not set' (Constants/Not set)
2024-03-25T20:13:28.200122+00:00 DEBUG 'ansible_navigator.main' After rollback: ansible_runner_write_job_events = 'Not set' (Constants/Not set)
2024-03-25T20:13:28.200144+00:00 DEBUG 'ansible_navigator.main' After rollback: app = 'Not set' (Constants/Not set)
2024-03-25T20:13:28.200165+00:00 DEBUG 'ansible_navigator.main' After rollback: cmdline = 'Not set' (Constants/Not set)
2024-03-25T20:13:28.200186+00:00 DEBUG 'ansible_navigator.main' After rollback: collection_doc_cache_path = 'Not set' (Constants/Not set)
2024-03-25T20:13:28.200207+00:00 DEBUG 'ansible_navigator.main' After rollback: config = 'Not set' (Constants/Not set)
2024-03-25T20:13:28.200227+00:00 DEBUG 'ansible_navigator.main' After rollback: container_engine = 'Not set' (Constants/Not set)
2024-03-25T20:13:28.200248+00:00 DEBUG 'ansible_navigator.main' After rollback: container_options = 'Not set' (Constants/Not set)
2024-03-25T20:13:28.200272+00:00 DEBUG 'ansible_navigator.main' After rollback: display_color = 'Not set' (Constants/Not set)
2024-03-25T20:13:28.200294+00:00 DEBUG 'ansible_navigator.main' After rollback: editor_command = 'Not set' (Constants/Not set)
2024-03-25T20:13:28.200315+00:00 DEBUG 'ansible_navigator.main' After rollback: editor_console = 'Not set' (Constants/Not set)
2024-03-25T20:13:28.200336+00:00 DEBUG 'ansible_navigator.main' After rollback: enable_prompts = 'Not set' (Constants/Not set)
2024-03-25T20:13:28.200357+00:00 DEBUG 'ansible_navigator.main' After rollback: exec_command = 'Not set' (Constants/Not set)
2024-03-25T20:13:28.200377+00:00 DEBUG 'ansible_navigator.main' After rollback: exec_shell = 'Not set' (Constants/Not set)
2024-03-25T20:13:28.200398+00:00 DEBUG 'ansible_navigator.main' After rollback: execution_environment = 'Not set' (Constants/Not set)
2024-03-25T20:13:28.200419+00:00 DEBUG 'ansible_navigator.main' After rollback: execution_environment_image = 'Not set' (Constants/Not set)
2024-03-25T20:13:28.200440+00:00 DEBUG 'ansible_navigator.main' After rollback: execution_environment_volume_mounts = 'Not set' (Constants/Not set)
2024-03-25T20:13:28.200460+00:00 DEBUG 'ansible_navigator.main' After rollback: format = 'Not set' (Constants/Not set)
2024-03-25T20:13:28.200482+00:00 DEBUG 'ansible_navigator.main' After rollback: help_builder = 'Not set' (Constants/Not set)
2024-03-25T20:13:28.200503+00:00 DEBUG 'ansible_navigator.main' After rollback: help_config = 'Not set' (Constants/Not set)
2024-03-25T20:13:28.200523+00:00 DEBUG 'ansible_navigator.main' After rollback: help_doc = 'Not set' (Constants/Not set)
2024-03-25T20:13:28.200544+00:00 DEBUG 'ansible_navigator.main' After rollback: help_inventory = 'Not set' (Constants/Not set)
2024-03-25T20:13:28.200572+00:00 DEBUG 'ansible_navigator.main' After rollback: help_playbook = 'Not set' (Constants/Not set)
2024-03-25T20:13:28.200596+00:00 DEBUG 'ansible_navigator.main' After rollback: images_details = 'Not set' (Constants/Not set)
2024-03-25T20:13:28.200618+00:00 DEBUG 'ansible_navigator.main' After rollback: inventory = 'Not set' (Constants/Not set)
2024-03-25T20:13:28.200639+00:00 DEBUG 'ansible_navigator.main' After rollback: inventory_column = 'Not set' (Constants/Not set)
2024-03-25T20:13:28.200660+00:00 DEBUG 'ansible_navigator.main' After rollback: lint_config = 'Not set' (Constants/Not set)
2024-03-25T20:13:28.200680+00:00 DEBUG 'ansible_navigator.main' After rollback: lintables = 'Not set' (Constants/Not set)
2024-03-25T20:13:28.200701+00:00 DEBUG 'ansible_navigator.main' After rollback: log_append = 'Not set' (Constants/Not set)
2024-03-25T20:13:28.200723+00:00 DEBUG 'ansible_navigator.main' After rollback: log_file = 'Not set' (Constants/Not set)
2024-03-25T20:13:28.200743+00:00 DEBUG 'ansible_navigator.main' After rollback: log_level = 'Not set' (Constants/Not set)
2024-03-25T20:13:28.200765+00:00 DEBUG 'ansible_navigator.main' After rollback: mode = 'Not set' (Constants/Not set)
2024-03-25T20:13:28.200786+00:00 DEBUG 'ansible_navigator.main' After rollback: osc4 = 'Not set' (Constants/Not set)
2024-03-25T20:13:28.200807+00:00 DEBUG 'ansible_navigator.main' After rollback: pass_environment_variable = 'Not set' (Constants/Not set)
2024-03-25T20:13:28.200827+00:00 DEBUG 'ansible_navigator.main' After rollback: playbook = 'Not set' (Constants/Not set)
2024-03-25T20:13:28.200848+00:00 DEBUG 'ansible_navigator.main' After rollback: playbook_artifact_enable = 'Not set' (Constants/Not set)
2024-03-25T20:13:28.200869+00:00 DEBUG 'ansible_navigator.main' After rollback: playbook_artifact_replay = 'Not set' (Constants/Not set)
2024-03-25T20:13:28.200890+00:00 DEBUG 'ansible_navigator.main' After rollback: playbook_artifact_save_as = 'Not set' (Constants/Not set)
2024-03-25T20:13:28.200911+00:00 DEBUG 'ansible_navigator.main' After rollback: plugin_name = 'Not set' (Constants/Not set)
2024-03-25T20:13:28.200933+00:00 DEBUG 'ansible_navigator.main' After rollback: plugin_type = 'Not set' (Constants/Not set)
2024-03-25T20:13:28.200956+00:00 DEBUG 'ansible_navigator.main' After rollback: pull_arguments = 'Not set' (Constants/Not set)
2024-03-25T20:13:28.200977+00:00 DEBUG 'ansible_navigator.main' After rollback: pull_policy = 'Not set' (Constants/Not set)
2024-03-25T20:13:28.200998+00:00 DEBUG 'ansible_navigator.main' After rollback: set_environment_variable = 'Not set' (Constants/Not set)
2024-03-25T20:13:28.201019+00:00 DEBUG 'ansible_navigator.main' After rollback: settings_effective = 'Not set' (Constants/Not set)
2024-03-25T20:13:28.201040+00:00 DEBUG 'ansible_navigator.main' After rollback: settings_sample = 'Not set' (Constants/Not set)
2024-03-25T20:13:28.201060+00:00 DEBUG 'ansible_navigator.main' After rollback: settings_schema = 'Not set' (Constants/Not set)
2024-03-25T20:13:28.201081+00:00 DEBUG 'ansible_navigator.main' After rollback: settings_sources = 'Not set' (Constants/Not set)
2024-03-25T20:13:28.201102+00:00 DEBUG 'ansible_navigator.main' After rollback: time_zone = 'Not set' (Constants/Not set)
2024-03-25T20:13:28.201122+00:00 DEBUG 'ansible_navigator.main' After rollback: workdir = 'Not set' (Constants/Not set)
2024-03-25T20:13:28.201144+00:00 DEBUG 'ansible_navigator.main' Configuration rollback complete.
2024-03-25T20:13:28.201164+00:00 DEBUG 'ansible_navigator.main' Collection doc cache not mounted
2024-03-25T20:13:28.201195+00:00 WARNING 'ansible_navigator.main' Issues were found while applying the settings.
2024-03-25T20:13:28.201220+00:00 INFO 'ansible_navigator.main' Command provided: '-m stdout -i inventory --ask-vault-pass run awx_secrets.yml --ee true'
2024-03-25T20:13:28.201249+00:00 ERROR 'ansible_navigator.main' An inventory is required when using the inventory subcommand
2024-03-25T20:13:28.201273+00:00 INFO 'ansible_navigator.main' Try again with '-i <path to inventory>'
2024-03-25T20:13:28.201297+00:00 INFO 'ansible_navigator.main' Configuration failed, using default log file location. (/home/admin/secrets/59737-bah-aap-on-azure-migration/awx_export_secrets/ansible-navigator.log) Log level set to debug
2024-03-25T20:13:28.201321+00:00 INFO 'ansible_navigator.main' Review the hints and log file to see what went wrong.
2024-03-25T20:14:05.571910+00:00 WARNING 'ansible_navigator.run' Dirty exit, killing the pid
2024-03-25T20:19:39.106010+00:00 WARNING 'ansible_navigator.run' Dirty exit, killing the pid
2024-03-25T20:23:39.409071+00:00 WARNING 'ansible_navigator.run' Dirty exit, killing the pid
2024-03-25T20:23:48.796105+00:00 CRITICAL 'ansible_navigator.actions.run_4713._handle_message' Unhandled message from runner queue, discarded: {'event': 'verbose', 'uuid': 'd7b8cc72-3f5e-4d82-a63a-76ac4489a393', 'counter': 1, 'stdout': '\x1b[1;35m[WARNING]: provided hosts list is empty, only localhost is available. Note that\x1b[0m', 'start_line': 0, 'end_line': 1, 'runner_ident': 'a8e00bbd-cf15-4179-99f6-6f4f844dfc06', 'created': '2024-03-25T20:23:48.795853'}
2024-03-25T20:23:48.899846+00:00 CRITICAL 'ansible_navigator.actions.run_4713._handle_message' Unhandled message from runner queue, discarded: {'event': 'verbose', 'uuid': '3fb584f5-6b5b-419a-bda9-150c86541116', 'counter': 2, 'stdout': "\x1b[1;35mthe implicit localhost does not match 'all'\x1b[0m", 'start_line': 1, 'end_line': 2, 'runner_ident': 'a8e00bbd-cf15-4179-99f6-6f4f844dfc06', 'created': '2024-03-25T20:23:48.797796'}
2024-03-25T20:23:57.398922+00:00 CRITICAL 'ansible_navigator.actions.run_playbook._handle_message' Unhandled message from runner queue, discarded: {'event': 'verbose', 'uuid': '5fca1f32-adb5-46c3-95b4-9b230cdeadfa', 'counter': 1, 'stdout': '\x1b[1;35m[WARNING]: provided hosts list is empty, only localhost is available. Note that\x1b[0m', 'start_line': 0, 'end_line': 1, 'runner_ident': '63f9aefe-a02a-48ef-965b-0ce5d7da739f', 'created': '2024-03-25T20:23:57.392301'}
2024-03-25T20:23:57.399313+00:00 CRITICAL 'ansible_navigator.actions.run_playbook._handle_message' Unhandled message from runner queue, discarded: {'event': 'verbose', 'uuid': 'a6a45869-5a23-4f6e-b4e7-981c340321f3', 'counter': 2, 'stdout': "\x1b[1;35mthe implicit localhost does not match 'all'\x1b[0m", 'start_line': 1, 'end_line': 2, 'runner_ident': '63f9aefe-a02a-48ef-965b-0ce5d7da739f', 'created': '2024-03-25T20:23:57.392451'}
2024-03-25T20:24:58.384997+00:00 WARNING 'ansible_navigator.run' Dirty exit, killing the pid
