2024-03-25T20:12:08.867689+00:00 INFO 'ansible_navigator.setup_logger' New ansible-navigator instance, logging initialized
2024-03-25T20:12:08.867914+00:00 INFO 'ansible_navigator.setup_logger' New ansible-runner instance, logging initialized
2024-03-25T20:12:08.867954+00:00 DEBUG 'ansible_navigator.main' Jinja2==3.1.3 
2024-03-25T20:12:08.867982+00:00 DEBUG 'ansible_navigator.main' MarkupSafe==2.1.0 
2024-03-25T20:12:08.868007+00:00 DEBUG 'ansible_navigator.main' PySocks==1.7.1 
2024-03-25T20:12:08.868031+00:00 DEBUG 'ansible_navigator.main' PyYAML==5.4.1 
2024-03-25T20:12:08.868053+00:00 DEBUG 'ansible_navigator.main' ansible-builder==3.0.1 
2024-03-25T20:12:08.868074+00:00 DEBUG 'ansible_navigator.main' ansible-core==2.15.9 
2024-03-25T20:12:08.868096+00:00 DEBUG 'ansible_navigator.main' ansible-creator==0.0.1a4 
2024-03-25T20:12:08.868118+00:00 DEBUG 'ansible_navigator.main' ansible-lint==6.14.3 
2024-03-25T20:12:08.868139+00:00 DEBUG 'ansible_navigator.main' ansible-navigator==3.4.1 
2024-03-25T20:12:08.868160+00:00 DEBUG 'ansible_navigator.main' ansible-runner==2.3.5 
2024-03-25T20:12:08.868182+00:00 DEBUG 'ansible_navigator.main' argcomplete==1.12.0 /usr/lib/python3.9/site-packages/argcomplete/__init__.py
2024-03-25T20:12:08.868203+00:00 DEBUG 'ansible_navigator.main' attrs==21.4.0 /usr/lib/python3.9/site-packages/attrs/__init__.py
2024-03-25T20:12:08.868225+00:00 DEBUG 'ansible_navigator.main' awxkit==4.5.2 /usr/lib/python3.9/site-packages/awxkit/__init__.py
2024-03-25T20:12:08.868246+00:00 DEBUG 'ansible_navigator.main' bindep==2.10.2 /usr/lib/python3.9/site-packages/bindep/__init__.py
2024-03-25T20:12:08.868267+00:00 DEBUG 'ansible_navigator.main' black==22.8.0 /usr/lib/python3.9/site-packages/black/__init__.py
2024-03-25T20:12:08.868288+00:00 DEBUG 'ansible_navigator.main' bracex==2.2.1 /usr/lib/python3.9/site-packages/bracex/__init__.py
2024-03-25T20:12:08.868309+00:00 DEBUG 'ansible_navigator.main' certifi==2022.12.7 /usr/lib/python3.9/site-packages/certifi/__init__.py
2024-03-25T20:12:08.868330+00:00 DEBUG 'ansible_navigator.main' cffi==1.15.0 /usr/lib64/python3.9/site-packages/cffi/__init__.py
2024-03-25T20:12:08.868352+00:00 DEBUG 'ansible_navigator.main' chardet==4.0.0 /usr/lib/python3.9/site-packages/chardet/__init__.py
2024-03-25T20:12:08.868373+00:00 DEBUG 'ansible_navigator.main' charset-normalizer==2.0.11 
2024-03-25T20:12:08.868394+00:00 DEBUG 'ansible_navigator.main' click==8.1.3 /usr/lib/python3.9/site-packages/click/__init__.py
2024-03-25T20:12:08.868415+00:00 DEBUG 'ansible_navigator.main' cockpit==300.4 /usr/lib/python3.9/site-packages/cockpit/__init__.py
2024-03-25T20:12:08.868437+00:00 DEBUG 'ansible_navigator.main' commonmark==0.9.1 /usr/lib/python3.9/site-packages/commonmark/__init__.py
2024-03-25T20:12:08.868458+00:00 DEBUG 'ansible_navigator.main' cryptography==38.0.4 /usr/lib64/python3.9/site-packages/cryptography/__init__.py
2024-03-25T20:12:08.868479+00:00 DEBUG 'ansible_navigator.main' dasbus==1.4 /usr/lib/python3.9/site-packages/dasbus/__init__.py
2024-03-25T20:12:08.868500+00:00 DEBUG 'ansible_navigator.main' dbus-python==1.2.18 
2024-03-25T20:12:08.868521+00:00 DEBUG 'ansible_navigator.main' decorator==4.4.2 /usr/lib/python3.9/site-packages/decorator.py
2024-03-25T20:12:08.868542+00:00 DEBUG 'ansible_navigator.main' distro==1.6.0 /usr/lib/python3.9/site-packages/distro.py
2024-03-25T20:12:08.868571+00:00 DEBUG 'ansible_navigator.main' docutils==0.16 /usr/lib/python3.9/site-packages/docutils/__init__.py
2024-03-25T20:12:08.868594+00:00 DEBUG 'ansible_navigator.main' ethtool==0.15 /usr/lib64/python3.9/site-packages/ethtool.cpython-39-x86_64-linux-gnu.so
2024-03-25T20:12:08.868615+00:00 DEBUG 'ansible_navigator.main' file-magic==0.4.0 
2024-03-25T20:12:08.868636+00:00 DEBUG 'ansible_navigator.main' filelock==3.8.0 /usr/lib/python3.9/site-packages/filelock/__init__.py
2024-03-25T20:12:08.868657+00:00 DEBUG 'ansible_navigator.main' future==0.18.3 /usr/lib/python3.9/site-packages/future/__init__.py
2024-03-25T20:12:08.868678+00:00 DEBUG 'ansible_navigator.main' idna==3.3 /usr/lib/python3.9/site-packages/idna/__init__.py
2024-03-25T20:12:08.868704+00:00 DEBUG 'ansible_navigator.main' importlib-metadata==6.0.1 
2024-03-25T20:12:08.868726+00:00 DEBUG 'ansible_navigator.main' importlib-resources==5.0.7 
2024-03-25T20:12:08.868748+00:00 DEBUG 'ansible_navigator.main' iniparse==0.4 /usr/lib/python3.9/site-packages/iniparse/__init__.py
2024-03-25T20:12:08.868769+00:00 DEBUG 'ansible_navigator.main' jsonschema==4.16.0 /usr/lib/python3.9/site-packages/jsonschema/__init__.py
2024-03-25T20:12:08.868790+00:00 DEBUG 'ansible_navigator.main' libvirt-python==9.3.0 
2024-03-25T20:12:08.868811+00:00 DEBUG 'ansible_navigator.main' lockfile==0.12.2 /usr/lib/python3.9/site-packages/lockfile/__init__.py
2024-03-25T20:12:08.868831+00:00 DEBUG 'ansible_navigator.main' lxml==4.6.5 /usr/lib64/python3.9/site-packages/lxml/__init__.py
2024-03-25T20:12:08.868852+00:00 DEBUG 'ansible_navigator.main' mypy-extensions==0.4.3 
2024-03-25T20:12:08.868873+00:00 DEBUG 'ansible_navigator.main' onigurumacffi==1.1.0 /usr/lib64/python3.9/site-packages/onigurumacffi.py
2024-03-25T20:12:08.868894+00:00 DEBUG 'ansible_navigator.main' packaging==21.3 /usr/lib/python3.9/site-packages/packaging/__init__.py
2024-03-25T20:12:08.868916+00:00 DEBUG 'ansible_navigator.main' pbr==5.8.1 /usr/lib/python3.9/site-packages/pbr/__init__.py
2024-03-25T20:12:08.868937+00:00 DEBUG 'ansible_navigator.main' perf==0.1 /usr/lib64/python3.9/site-packages/perf.cpython-39-x86_64-linux-gnu.so
2024-03-25T20:12:08.868958+00:00 DEBUG 'ansible_navigator.main' pip==21.2.3 /usr/lib/python3.9/site-packages/pip/__init__.py
2024-03-25T20:12:08.868979+00:00 DEBUG 'ansible_navigator.main' platformdirs==2.4.1 /usr/lib/python3.9/site-packages/platformdirs/__init__.py
2024-03-25T20:12:08.869000+00:00 DEBUG 'ansible_navigator.main' ply==3.11 /usr/lib/python3.9/site-packages/ply/__init__.py
2024-03-25T20:12:08.869021+00:00 DEBUG 'ansible_navigator.main' psutil==5.8.0 /usr/lib64/python3.9/site-packages/psutil/__init__.py
2024-03-25T20:12:08.869042+00:00 DEBUG 'ansible_navigator.main' pycairo==1.20.1 
2024-03-25T20:12:08.869063+00:00 DEBUG 'ansible_navigator.main' pycparser==2.21 /usr/lib/python3.9/site-packages/pycparser/__init__.py
2024-03-25T20:12:08.869084+00:00 DEBUG 'ansible_navigator.main' pyinotify==0.9.6 /usr/lib/python3.9/site-packages/pyinotify.py
2024-03-25T20:12:08.869105+00:00 DEBUG 'ansible_navigator.main' pyrsistent==0.17.3 /usr/lib64/python3.9/site-packages/pyrsistent/__init__.py
2024-03-25T20:12:08.869126+00:00 DEBUG 'ansible_navigator.main' python-daemon==2.3.0 
2024-03-25T20:12:08.869147+00:00 DEBUG 'ansible_navigator.main' python-dateutil==2.8.1 
2024-03-25T20:12:08.869168+00:00 DEBUG 'ansible_navigator.main' python-linux-procfs==0.7.0 
2024-03-25T20:12:08.869189+00:00 DEBUG 'ansible_navigator.main' pyudev==0.22.0 /usr/lib/python3.9/site-packages/pyudev/__init__.py
2024-03-25T20:12:08.869210+00:00 DEBUG 'ansible_navigator.main' requests==2.31.0 /usr/lib/python3.9/site-packages/requests/__init__.py
2024-03-25T20:12:08.869231+00:00 DEBUG 'ansible_navigator.main' requirements-parser==0.2.0 
2024-03-25T20:12:08.869252+00:00 DEBUG 'ansible_navigator.main' resolvelib==0.5.4 /usr/lib/python3.9/site-packages/resolvelib/__init__.py
2024-03-25T20:12:08.869273+00:00 DEBUG 'ansible_navigator.main' rich==12.0.0 /usr/lib/python3.9/site-packages/rich/__init__.py
2024-03-25T20:12:08.869294+00:00 DEBUG 'ansible_navigator.main' ruamel.yaml.clib==0.2.6 
2024-03-25T20:12:08.869315+00:00 DEBUG 'ansible_navigator.main' ruamel.yaml==0.17.21 /usr/lib/python3.9/site-packages/ruamel/yaml/__init__.py
2024-03-25T20:12:08.869337+00:00 DEBUG 'ansible_navigator.main' selinux==3.5 /usr/lib64/python3.9/site-packages/selinux/__init__.py
2024-03-25T20:12:08.869358+00:00 DEBUG 'ansible_navigator.main' sepolicy==3.5 /usr/lib/python3.9/site-packages/sepolicy/__init__.py
2024-03-25T20:12:08.869379+00:00 DEBUG 'ansible_navigator.main' setools==4.4.3 /usr/lib64/python3.9/site-packages/setools/__init__.py
2024-03-25T20:12:08.869400+00:00 DEBUG 'ansible_navigator.main' setroubleshoot==3.3.32 /usr/lib/python3.9/site-packages/setroubleshoot/__init__.py
2024-03-25T20:12:08.869423+00:00 DEBUG 'ansible_navigator.main' setuptools==53.0.0 /usr/lib/python3.9/site-packages/setuptools/__init__.py
2024-03-25T20:12:08.869446+00:00 DEBUG 'ansible_navigator.main' six==1.16.0 /usr/lib/python3.9/site-packages/six.py
2024-03-25T20:12:08.869467+00:00 DEBUG 'ansible_navigator.main' sos==4.6.1 /usr/lib/python3.9/site-packages/sos/__init__.py
2024-03-25T20:12:08.869488+00:00 DEBUG 'ansible_navigator.main' subprocess-tee==0.4.1 
2024-03-25T20:12:08.869509+00:00 DEBUG 'ansible_navigator.main' subscription-manager==1.29.38 
2024-03-25T20:12:08.869530+00:00 DEBUG 'ansible_navigator.main' tomli==2.0.1 /usr/lib/python3.9/site-packages/tomli/__init__.py
2024-03-25T20:12:08.869555+00:00 DEBUG 'ansible_navigator.main' urllib3==1.26.18 /usr/lib/python3.9/site-packages/urllib3/__init__.py
2024-03-25T20:12:08.869579+00:00 DEBUG 'ansible_navigator.main' wcmatch==8.3 /usr/lib/python3.9/site-packages/wcmatch/__init__.py
2024-03-25T20:12:08.869600+00:00 DEBUG 'ansible_navigator.main' yamllint==1.30.0 /usr/lib/python3.9/site-packages/yamllint/__init__.py
2024-03-25T20:12:08.869622+00:00 DEBUG 'ansible_navigator.main' zipp==3.4.0 /usr/lib/python3.9/site-packages/zipp.py
2024-03-25T20:12:08.869643+00:00 DEBUG 'ansible_navigator.main' Default collection_doc_cache_path set to: /home/admin/.cache/ansible-navigator/collection_doc_cache.db
2024-03-25T20:12:08.869665+00:00 DEBUG 'ansible_navigator.main' EDITOR environment variable not set
2024-03-25T20:12:08.869686+00:00 DEBUG 'ansible_navigator.main' Default editor_command set to: vi +{line_number} {filename}
2024-03-25T20:12:08.869707+00:00 DEBUG 'ansible_navigator.main' No config file set by ANSIBLE_NAVIGATOR_CONFIG
2024-03-25T20:12:08.869728+00:00 DEBUG 'ansible_navigator.main' Looking in /home/admin
2024-03-25T20:12:08.869750+00:00 DEBUG 'ansible_navigator.main' Looking for '/home/admin/.ansible-navigator.yml', '/home/admin/.ansible-navigator.yaml' and '/home/admin/.ansible-navigator.json'
2024-03-25T20:12:08.869771+00:00 DEBUG 'ansible_navigator.main' Found 0: 
2024-03-25T20:12:08.869792+00:00 DEBUG 'ansible_navigator.main' Looking in /home/admin/secrets/59737-bah-aap-on-azure-migration/awx_export_secrets/roles
2024-03-25T20:12:08.869813+00:00 DEBUG 'ansible_navigator.main' Looking for '/home/admin/secrets/59737-bah-aap-on-azure-migration/awx_export_secrets/roles/ansible-navigator.yml', '/home/admin/secrets/59737-bah-aap-on-azure-migration/awx_export_secrets/roles/ansible-navigator.yaml' and '/home/admin/secrets/59737-bah-aap-on-azure-migration/awx_export_secrets/roles/ansible-navigator.json'
2024-03-25T20:12:08.869845+00:00 DEBUG 'ansible_navigator.main' Found 0: 
2024-03-25T20:12:08.869868+00:00 DEBUG 'ansible_navigator.main' All found 0: 
2024-03-25T20:12:08.869889+00:00 DEBUG 'ansible_navigator.main' Using: None
2024-03-25T20:12:08.869912+00:00 DEBUG 'ansible_navigator.main' No valid settings file found, using all default values for settings.
2024-03-25T20:12:08.869933+00:00 DEBUG 'ansible_navigator.main' Command provided: '--ee --help'
2024-03-25T20:12:08.869956+00:00 WARNING 'ansible_navigator.main' Configuration errors encountered, rolling back to previous configuration.
2024-03-25T20:12:08.869978+00:00 DEBUG 'ansible_navigator.main' Prior to rollback: ansible_runner_artifact_dir = 'Not set' (Constants/Not set)
2024-03-25T20:12:08.870000+00:00 DEBUG 'ansible_navigator.main' Prior to rollback: ansible_runner_rotate_artifacts_count = 'Not set' (Constants/Not set)
2024-03-25T20:12:08.870020+00:00 DEBUG 'ansible_navigator.main' Prior to rollback: ansible_runner_timeout = 'Not set' (Constants/Not set)
2024-03-25T20:12:08.870041+00:00 DEBUG 'ansible_navigator.main' Prior to rollback: ansible_runner_write_job_events = 'False' (bool/Defaults)
2024-03-25T20:12:08.870062+00:00 DEBUG 'ansible_navigator.main' Prior to rollback: app = 'welcome' (str/Defaults)
2024-03-25T20:12:08.870083+00:00 DEBUG 'ansible_navigator.main' Prior to rollback: cmdline = '['--ee', '--help']' (list/Command line)
2024-03-25T20:12:08.870103+00:00 DEBUG 'ansible_navigator.main' Prior to rollback: collection_doc_cache_path = '/home/admin/.cache/ansible-navigator/collection_doc_cache.db' (str/Defaults)
2024-03-25T20:12:08.870127+00:00 DEBUG 'ansible_navigator.main' Prior to rollback: config = 'Not set' (Constants/Not set)
2024-03-25T20:12:08.870149+00:00 DEBUG 'ansible_navigator.main' Prior to rollback: container_engine = 'auto' (str/Defaults)
2024-03-25T20:12:08.870170+00:00 DEBUG 'ansible_navigator.main' Prior to rollback: container_options = 'Not set' (Constants/Not set)
2024-03-25T20:12:08.870191+00:00 DEBUG 'ansible_navigator.main' Prior to rollback: display_color = 'True' (bool/Defaults)
2024-03-25T20:12:08.870212+00:00 DEBUG 'ansible_navigator.main' Prior to rollback: editor_command = 'vi +{line_number} {filename}' (str/Defaults)
2024-03-25T20:12:08.870232+00:00 DEBUG 'ansible_navigator.main' Prior to rollback: editor_console = 'True' (bool/Defaults)
2024-03-25T20:12:08.870254+00:00 DEBUG 'ansible_navigator.main' Prior to rollback: enable_prompts = 'False' (bool/Defaults)
2024-03-25T20:12:08.870274+00:00 DEBUG 'ansible_navigator.main' Prior to rollback: exec_command = '/bin/bash' (str/Defaults)
2024-03-25T20:12:08.870295+00:00 DEBUG 'ansible_navigator.main' Prior to rollback: exec_shell = 'True' (bool/Defaults)
2024-03-25T20:12:08.870316+00:00 DEBUG 'ansible_navigator.main' Prior to rollback: execution_environment = 'True' (bool/Defaults)
2024-03-25T20:12:08.870337+00:00 DEBUG 'ansible_navigator.main' Prior to rollback: execution_environment_image = 'registry.redhat.io/ansible-automation-platform-24/ee-supported-rhel8:latest' (str/Defaults)
2024-03-25T20:12:08.870358+00:00 DEBUG 'ansible_navigator.main' Prior to rollback: execution_environment_volume_mounts = 'Not set' (Constants/Not set)
2024-03-25T20:12:08.870378+00:00 DEBUG 'ansible_navigator.main' Prior to rollback: format = 'yaml' (str/Defaults)
2024-03-25T20:12:08.870399+00:00 DEBUG 'ansible_navigator.main' Prior to rollback: help_builder = 'False' (bool/Defaults)
2024-03-25T20:12:08.870420+00:00 DEBUG 'ansible_navigator.main' Prior to rollback: help_config = 'False' (bool/Defaults)
2024-03-25T20:12:08.870441+00:00 DEBUG 'ansible_navigator.main' Prior to rollback: help_doc = 'False' (bool/Defaults)
2024-03-25T20:12:08.870461+00:00 DEBUG 'ansible_navigator.main' Prior to rollback: help_inventory = 'False' (bool/Defaults)
2024-03-25T20:12:08.870482+00:00 DEBUG 'ansible_navigator.main' Prior to rollback: help_playbook = 'False' (bool/Defaults)
2024-03-25T20:12:08.870503+00:00 DEBUG 'ansible_navigator.main' Prior to rollback: images_details = '['everything']' (list/Defaults)
2024-03-25T20:12:08.870524+00:00 DEBUG 'ansible_navigator.main' Prior to rollback: inventory = 'Not set' (Constants/Not set)
2024-03-25T20:12:08.870544+00:00 DEBUG 'ansible_navigator.main' Prior to rollback: inventory_column = 'Not set' (Constants/Not set)
2024-03-25T20:12:08.870571+00:00 DEBUG 'ansible_navigator.main' Prior to rollback: lint_config = 'Not set' (Constants/Not set)
2024-03-25T20:12:08.870593+00:00 DEBUG 'ansible_navigator.main' Prior to rollback: lintables = 'Not set' (Constants/Not set)
2024-03-25T20:12:08.870614+00:00 DEBUG 'ansible_navigator.main' Prior to rollback: log_append = 'True' (bool/Defaults)
2024-03-25T20:12:08.870635+00:00 DEBUG 'ansible_navigator.main' Prior to rollback: log_file = '/home/admin/secrets/59737-bah-aap-on-azure-migration/awx_export_secrets/roles/ansible-navigator.log' (str/Defaults)
2024-03-25T20:12:08.870656+00:00 DEBUG 'ansible_navigator.main' Prior to rollback: log_level = 'warning' (str/Defaults)
2024-03-25T20:12:08.870677+00:00 DEBUG 'ansible_navigator.main' Prior to rollback: mode = 'interactive' (str/Defaults)
2024-03-25T20:12:08.870698+00:00 DEBUG 'ansible_navigator.main' Prior to rollback: osc4 = 'True' (bool/Defaults)
2024-03-25T20:12:08.870719+00:00 DEBUG 'ansible_navigator.main' Prior to rollback: pass_environment_variable = 'Not set' (Constants/Not set)
2024-03-25T20:12:08.870740+00:00 DEBUG 'ansible_navigator.main' Prior to rollback: playbook = 'Not set' (Constants/Not set)
2024-03-25T20:12:08.870760+00:00 DEBUG 'ansible_navigator.main' Prior to rollback: playbook_artifact_enable = 'True' (bool/Defaults)
2024-03-25T20:12:08.870784+00:00 DEBUG 'ansible_navigator.main' Prior to rollback: playbook_artifact_replay = 'Not set' (Constants/Not set)
2024-03-25T20:12:08.870805+00:00 DEBUG 'ansible_navigator.main' Prior to rollback: playbook_artifact_save_as = '{playbook_dir}/{playbook_name}-artifact-{time_stamp}.json' (str/Defaults)
2024-03-25T20:12:08.870826+00:00 DEBUG 'ansible_navigator.main' Prior to rollback: plugin_name = 'Not set' (Constants/Not set)
2024-03-25T20:12:08.870847+00:00 DEBUG 'ansible_navigator.main' Prior to rollback: plugin_type = 'module' (str/Defaults)
2024-03-25T20:12:08.870868+00:00 DEBUG 'ansible_navigator.main' Prior to rollback: pull_arguments = 'Not set' (Constants/Not set)
2024-03-25T20:12:08.870889+00:00 DEBUG 'ansible_navigator.main' Prior to rollback: pull_policy = 'tag' (str/Defaults)
2024-03-25T20:12:08.870910+00:00 DEBUG 'ansible_navigator.main' Prior to rollback: set_environment_variable = 'Not set' (Constants/Not set)
2024-03-25T20:12:08.870931+00:00 DEBUG 'ansible_navigator.main' Prior to rollback: settings_effective = 'False' (bool/Defaults)
2024-03-25T20:12:08.870952+00:00 DEBUG 'ansible_navigator.main' Prior to rollback: settings_sample = 'False' (bool/Defaults)
2024-03-25T20:12:08.870972+00:00 DEBUG 'ansible_navigator.main' Prior to rollback: settings_schema = 'json' (str/Defaults)
2024-03-25T20:12:08.870993+00:00 DEBUG 'ansible_navigator.main' Prior to rollback: settings_sources = 'False' (bool/Defaults)
2024-03-25T20:12:08.871014+00:00 DEBUG 'ansible_navigator.main' Prior to rollback: time_zone = 'UTC' (str/Defaults)
2024-03-25T20:12:08.871035+00:00 DEBUG 'ansible_navigator.main' Prior to rollback: workdir = '/home/admin/secrets/59737-bah-aap-on-azure-migration/awx_export_secrets/roles' (str/Defaults)
2024-03-25T20:12:08.871056+00:00 DEBUG 'ansible_navigator.main' After rollback: ansible_runner_artifact_dir = 'Not set' (Constants/Not set)
2024-03-25T20:12:08.871077+00:00 DEBUG 'ansible_navigator.main' After rollback: ansible_runner_rotate_artifacts_count = 'Not set' (Constants/Not set)
2024-03-25T20:12:08.871097+00:00 DEBUG 'ansible_navigator.main' After rollback: ansible_runner_timeout = 'Not set' (Constants/Not set)
2024-03-25T20:12:08.871118+00:00 DEBUG 'ansible_navigator.main' After rollback: ansible_runner_write_job_events = 'Not set' (Constants/Not set)
2024-03-25T20:12:08.871139+00:00 DEBUG 'ansible_navigator.main' After rollback: app = 'Not set' (Constants/Not set)
2024-03-25T20:12:08.871161+00:00 DEBUG 'ansible_navigator.main' After rollback: cmdline = 'Not set' (Constants/Not set)
2024-03-25T20:12:08.871181+00:00 DEBUG 'ansible_navigator.main' After rollback: collection_doc_cache_path = 'Not set' (Constants/Not set)
2024-03-25T20:12:08.871202+00:00 DEBUG 'ansible_navigator.main' After rollback: config = 'Not set' (Constants/Not set)
2024-03-25T20:12:08.871223+00:00 DEBUG 'ansible_navigator.main' After rollback: container_engine = 'Not set' (Constants/Not set)
2024-03-25T20:12:08.871244+00:00 DEBUG 'ansible_navigator.main' After rollback: container_options = 'Not set' (Constants/Not set)
2024-03-25T20:12:08.871265+00:00 DEBUG 'ansible_navigator.main' After rollback: display_color = 'Not set' (Constants/Not set)
2024-03-25T20:12:08.871286+00:00 DEBUG 'ansible_navigator.main' After rollback: editor_command = 'Not set' (Constants/Not set)
2024-03-25T20:12:08.871307+00:00 DEBUG 'ansible_navigator.main' After rollback: editor_console = 'Not set' (Constants/Not set)
2024-03-25T20:12:08.871328+00:00 DEBUG 'ansible_navigator.main' After rollback: enable_prompts = 'Not set' (Constants/Not set)
2024-03-25T20:12:08.871349+00:00 DEBUG 'ansible_navigator.main' After rollback: exec_command = 'Not set' (Constants/Not set)
2024-03-25T20:12:08.871369+00:00 DEBUG 'ansible_navigator.main' After rollback: exec_shell = 'Not set' (Constants/Not set)
2024-03-25T20:12:08.871390+00:00 DEBUG 'ansible_navigator.main' After rollback: execution_environment = 'Not set' (Constants/Not set)
2024-03-25T20:12:08.871413+00:00 DEBUG 'ansible_navigator.main' After rollback: execution_environment_image = 'Not set' (Constants/Not set)
2024-03-25T20:12:08.871435+00:00 DEBUG 'ansible_navigator.main' After rollback: execution_environment_volume_mounts = 'Not set' (Constants/Not set)
2024-03-25T20:12:08.871456+00:00 DEBUG 'ansible_navigator.main' After rollback: format = 'Not set' (Constants/Not set)
2024-03-25T20:12:08.871476+00:00 DEBUG 'ansible_navigator.main' After rollback: help_builder = 'Not set' (Constants/Not set)
2024-03-25T20:12:08.871497+00:00 DEBUG 'ansible_navigator.main' After rollback: help_config = 'Not set' (Constants/Not set)
2024-03-25T20:12:08.871518+00:00 DEBUG 'ansible_navigator.main' After rollback: help_doc = 'Not set' (Constants/Not set)
2024-03-25T20:12:08.871539+00:00 DEBUG 'ansible_navigator.main' After rollback: help_inventory = 'Not set' (Constants/Not set)
2024-03-25T20:12:08.871570+00:00 DEBUG 'ansible_navigator.main' After rollback: help_playbook = 'Not set' (Constants/Not set)
2024-03-25T20:12:08.871592+00:00 DEBUG 'ansible_navigator.main' After rollback: images_details = 'Not set' (Constants/Not set)
2024-03-25T20:12:08.871613+00:00 DEBUG 'ansible_navigator.main' After rollback: inventory = 'Not set' (Constants/Not set)
2024-03-25T20:12:08.871634+00:00 DEBUG 'ansible_navigator.main' After rollback: inventory_column = 'Not set' (Constants/Not set)
2024-03-25T20:12:08.871655+00:00 DEBUG 'ansible_navigator.main' After rollback: lint_config = 'Not set' (Constants/Not set)
2024-03-25T20:12:08.871676+00:00 DEBUG 'ansible_navigator.main' After rollback: lintables = 'Not set' (Constants/Not set)
2024-03-25T20:12:08.871697+00:00 DEBUG 'ansible_navigator.main' After rollback: log_append = 'Not set' (Constants/Not set)
2024-03-25T20:12:08.871718+00:00 DEBUG 'ansible_navigator.main' After rollback: log_file = 'Not set' (Constants/Not set)
2024-03-25T20:12:08.871739+00:00 DEBUG 'ansible_navigator.main' After rollback: log_level = 'Not set' (Constants/Not set)
2024-03-25T20:12:08.871760+00:00 DEBUG 'ansible_navigator.main' After rollback: mode = 'Not set' (Constants/Not set)
2024-03-25T20:12:08.871781+00:00 DEBUG 'ansible_navigator.main' After rollback: osc4 = 'Not set' (Constants/Not set)
2024-03-25T20:12:08.871802+00:00 DEBUG 'ansible_navigator.main' After rollback: pass_environment_variable = 'Not set' (Constants/Not set)
2024-03-25T20:12:08.871823+00:00 DEBUG 'ansible_navigator.main' After rollback: playbook = 'Not set' (Constants/Not set)
2024-03-25T20:12:08.871844+00:00 DEBUG 'ansible_navigator.main' After rollback: playbook_artifact_enable = 'Not set' (Constants/Not set)
2024-03-25T20:12:08.871865+00:00 DEBUG 'ansible_navigator.main' After rollback: playbook_artifact_replay = 'Not set' (Constants/Not set)
2024-03-25T20:12:08.871886+00:00 DEBUG 'ansible_navigator.main' After rollback: playbook_artifact_save_as = 'Not set' (Constants/Not set)
2024-03-25T20:12:08.871907+00:00 DEBUG 'ansible_navigator.main' After rollback: plugin_name = 'Not set' (Constants/Not set)
2024-03-25T20:12:08.871928+00:00 DEBUG 'ansible_navigator.main' After rollback: plugin_type = 'Not set' (Constants/Not set)
2024-03-25T20:12:08.871949+00:00 DEBUG 'ansible_navigator.main' After rollback: pull_arguments = 'Not set' (Constants/Not set)
2024-03-25T20:12:08.871969+00:00 DEBUG 'ansible_navigator.main' After rollback: pull_policy = 'Not set' (Constants/Not set)
2024-03-25T20:12:08.871990+00:00 DEBUG 'ansible_navigator.main' After rollback: set_environment_variable = 'Not set' (Constants/Not set)
2024-03-25T20:12:08.872011+00:00 DEBUG 'ansible_navigator.main' After rollback: settings_effective = 'Not set' (Constants/Not set)
2024-03-25T20:12:08.872032+00:00 DEBUG 'ansible_navigator.main' After rollback: settings_sample = 'Not set' (Constants/Not set)
2024-03-25T20:12:08.872052+00:00 DEBUG 'ansible_navigator.main' After rollback: settings_schema = 'Not set' (Constants/Not set)
2024-03-25T20:12:08.872073+00:00 DEBUG 'ansible_navigator.main' After rollback: settings_sources = 'Not set' (Constants/Not set)
2024-03-25T20:12:08.872094+00:00 DEBUG 'ansible_navigator.main' After rollback: time_zone = 'Not set' (Constants/Not set)
2024-03-25T20:12:08.872118+00:00 DEBUG 'ansible_navigator.main' After rollback: workdir = 'Not set' (Constants/Not set)
2024-03-25T20:12:08.872140+00:00 DEBUG 'ansible_navigator.main' Configuration rollback complete.
2024-03-25T20:12:08.872161+00:00 DEBUG 'ansible_navigator.main' Collection doc cache not mounted
2024-03-25T20:12:08.872191+00:00 WARNING 'ansible_navigator.main' Issues were found while applying the settings.
2024-03-25T20:12:08.872216+00:00 INFO 'ansible_navigator.main' Command provided: '--ee --help'
2024-03-25T20:12:08.872243+00:00 ERROR 'ansible_navigator.main' argument --ee/--execution-environment: expected one argument
2024-03-25T20:12:08.872267+00:00 INFO 'ansible_navigator.main' Configuration failed, using default log file location. (/home/admin/secrets/59737-bah-aap-on-azure-migration/awx_export_secrets/roles/ansible-navigator.log) Log level set to debug
2024-03-25T20:12:08.872293+00:00 INFO 'ansible_navigator.main' Review the hints and log file to see what went wrong.
